
> bae-nodejs@1.0.0 dev C:\Users\i5\Desktop\BAE\appid133a97c9j1
> node-dev server.js

Express server listening on port 18080
IncomingMessage {
  _readableState: 
   ReadableState {
     objectMode: false,
     highWaterMark: 16384,
     buffer: [],
     length: 0,
     pipes: null,
     pipesCount: 0,
     flowing: null,
     ended: false,
     endEmitted: false,
     reading: false,
     sync: true,
     needReadable: false,
     emittedReadable: false,
     readableListening: false,
     resumeScheduled: false,
     defaultEncoding: 'utf8',
     ranOut: false,
     awaitDrain: 0,
     readingMore: true,
     decoder: null,
     encoding: null },
  readable: true,
  domain: null,
  _events: {},
  _eventsCount: 0,
  _maxListeners: undefined,
  socket: 
   Socket {
     _connecting: false,
     _hadError: false,
     _handle: 
      TCP {
        bytesRead: 886,
        _externalStream: {},
        fd: -1,
        reading: true,
        owner: [Circular],
        onread: [Function: onread],
        onconnection: null,
        writeQueueSize: 0 },
     _parent: null,
     _host: null,
     _readableState: 
      ReadableState {
        objectMode: false,
        highWaterMark: 16384,
        buffer: [],
        length: 0,
        pipes: null,
        pipesCount: 0,
        flowing: true,
        ended: false,
        endEmitted: false,
        reading: true,
        sync: false,
        needReadable: true,
        emittedReadable: false,
        readableListening: false,
        resumeScheduled: false,
        defaultEncoding: 'utf8',
        ranOut: false,
        awaitDrain: 0,
        readingMore: false,
        decoder: null,
        encoding: null },
     readable: true,
     domain: null,
     _events: 
      { end: [Object],
        finish: [Function: onSocketFinish],
        _socketEnd: [Function: onSocketEnd],
        drain: [Object],
        timeout: [Function],
        error: [Function: socketOnError],
        close: [Object],
        data: [Function: socketOnData],
        resume: [Function: onSocketResume],
        pause: [Function: onSocketPause] },
     _eventsCount: 10,
     _maxListeners: undefined,
     _writableState: 
      WritableState {
        objectMode: false,
        highWaterMark: 16384,
        needDrain: false,
        ending: false,
        ended: false,
        finished: false,
        decodeStrings: false,
        defaultEncoding: 'utf8',
        length: 0,
        writing: false,
        corked: 0,
        sync: true,
        bufferProcessing: false,
        onwrite: [Function],
        writecb: null,
        writelen: 0,
        bufferedRequest: null,
        lastBufferedRequest: null,
        pendingcb: 0,
        prefinished: false,
        errorEmitted: false,
        bufferedRequestCount: 0,
        corkedRequestsFree: [Object] },
     writable: true,
     allowHalfOpen: true,
     destroyed: false,
     _bytesDispatched: 0,
     _sockname: null,
     _pendingData: null,
     _pendingEncoding: '',
     server: 
      Server {
        domain: null,
        _events: [Object],
        _eventsCount: 3,
        _maxListeners: undefined,
        _connections: 1,
        _handle: [Object],
        _usingSlaves: false,
        _slaves: [],
        _unref: false,
        allowHalfOpen: true,
        pauseOnConnect: false,
        httpAllowHalfOpen: false,
        timeout: 120000,
        _pendingResponseData: 0,
        _connectionKey: '6::::18080' },
     _server: 
      Server {
        domain: null,
        _events: [Object],
        _eventsCount: 3,
        _maxListeners: undefined,
        _connections: 1,
        _handle: [Object],
        _usingSlaves: false,
        _slaves: [],
        _unref: false,
        allowHalfOpen: true,
        pauseOnConnect: false,
        httpAllowHalfOpen: false,
        timeout: 120000,
        _pendingResponseData: 0,
        _connectionKey: '6::::18080' },
     _idleTimeout: 120000,
     _idleNext: { _idleNext: [Circular], _idlePrev: [Circular] },
     _idlePrev: { _idleNext: [Circular], _idlePrev: [Circular] },
     _idleStart: 6900,
     parser: 
      HTTPParser {
        '0': [Function: parserOnHeaders],
        '1': [Function: parserOnHeadersComplete],
        '2': [Function: parserOnBody],
        '3': [Function: parserOnMessageComplete],
        '4': [Function: onParserExecute],
        _headers: [],
        _url: '',
        _consumed: true,
        socket: [Circular],
        incoming: [Circular],
        outgoing: null,
        maxHeaderPairs: 2000,
        onIncoming: [Function: parserOnIncoming] },
     on: [Function: socketOnWrap],
     _paused: false,
     read: [Function],
     _consuming: true,
     _httpMessage: 
      ServerResponse {
        domain: null,
        _events: [Object],
        _eventsCount: 2,
        _maxListeners: undefined,
        output: [],
        outputEncodings: [],
        outputCallbacks: [],
        outputSize: 0,
        writable: true,
        _last: false,
        chunkedEncoding: false,
        shouldKeepAlive: true,
        useChunkedEncodingByDefault: true,
        sendDate: true,
        _removedHeader: {},
        _contentLength: null,
        _hasBody: true,
        _trailer: '',
        finished: false,
        _headerSent: false,
        socket: [Circular],
        connection: [Circular],
        _header: null,
        _headers: [Object],
        _headerNames: [Object],
        _onPendingData: [Function: updateOutgoingData],
        req: [Circular],
        locals: [Function: locals] },
     _peername: { address: '::ffff:127.0.0.1', family: 'IPv6', port: 58536 } },
  connection: 
   Socket {
     _connecting: false,
     _hadError: false,
     _handle: 
      TCP {
        bytesRead: 886,
        _externalStream: {},
        fd: -1,
        reading: true,
        owner: [Circular],
        onread: [Function: onread],
        onconnection: null,
        writeQueueSize: 0 },
     _parent: null,
     _host: null,
     _readableState: 
      ReadableState {
        objectMode: false,
        highWaterMark: 16384,
        buffer: [],
        length: 0,
        pipes: null,
        pipesCount: 0,
        flowing: true,
        ended: false,
        endEmitted: false,
        reading: true,
        sync: false,
        needReadable: true,
        emittedReadable: false,
        readableListening: false,
        resumeScheduled: false,
        defaultEncoding: 'utf8',
        ranOut: false,
        awaitDrain: 0,
        readingMore: false,
        decoder: null,
        encoding: null },
     readable: true,
     domain: null,
     _events: 
      { end: [Object],
        finish: [Function: onSocketFinish],
        _socketEnd: [Function: onSocketEnd],
        drain: [Object],
        timeout: [Function],
        error: [Function: socketOnError],
        close: [Object],
        data: [Function: socketOnData],
        resume: [Function: onSocketResume],
        pause: [Function: onSocketPause] },
     _eventsCount: 10,
     _maxListeners: undefined,
     _writableState: 
      WritableState {
        objectMode: false,
        highWaterMark: 16384,
        needDrain: false,
        ending: false,
        ended: false,
        finished: false,
        decodeStrings: false,
        defaultEncoding: 'utf8',
        length: 0,
        writing: false,
        corked: 0,
        sync: true,
        bufferProcessing: false,
        onwrite: [Function],
        writecb: null,
        writelen: 0,
        bufferedRequest: null,
        lastBufferedRequest: null,
        pendingcb: 0,
        prefinished: false,
        errorEmitted: false,
        bufferedRequestCount: 0,
        corkedRequestsFree: [Object] },
     writable: true,
     allowHalfOpen: true,
     destroyed: false,
     _bytesDispatched: 0,
     _sockname: null,
     _pendingData: null,
     _pendingEncoding: '',
     server: 
      Server {
        domain: null,
        _events: [Object],
        _eventsCount: 3,
        _maxListeners: undefined,
        _connections: 1,
        _handle: [Object],
        _usingSlaves: false,
        _slaves: [],
        _unref: false,
        allowHalfOpen: true,
        pauseOnConnect: false,
        httpAllowHalfOpen: false,
        timeout: 120000,
        _pendingResponseData: 0,
        _connectionKey: '6::::18080' },
     _server: 
      Server {
        domain: null,
        _events: [Object],
        _eventsCount: 3,
        _maxListeners: undefined,
        _connections: 1,
        _handle: [Object],
        _usingSlaves: false,
        _slaves: [],
        _unref: false,
        allowHalfOpen: true,
        pauseOnConnect: false,
        httpAllowHalfOpen: false,
        timeout: 120000,
        _pendingResponseData: 0,
        _connectionKey: '6::::18080' },
     _idleTimeout: 120000,
     _idleNext: { _idleNext: [Circular], _idlePrev: [Circular] },
     _idlePrev: { _idleNext: [Circular], _idlePrev: [Circular] },
     _idleStart: 6900,
     parser: 
      HTTPParser {
        '0': [Function: parserOnHeaders],
        '1': [Function: parserOnHeadersComplete],
        '2': [Function: parserOnBody],
        '3': [Function: parserOnMessageComplete],
        '4': [Function: onParserExecute],
        _headers: [],
        _url: '',
        _consumed: true,
        socket: [Circular],
        incoming: [Circular],
        outgoing: null,
        maxHeaderPairs: 2000,
        onIncoming: [Function: parserOnIncoming] },
     on: [Function: socketOnWrap],
     _paused: false,
     read: [Function],
     _consuming: true,
     _httpMessage: 
      ServerResponse {
        domain: null,
        _events: [Object],
        _eventsCount: 2,
        _maxListeners: undefined,
        output: [],
        outputEncodings: [],
        outputCallbacks: [],
        outputSize: 0,
        writable: true,
        _last: false,
        chunkedEncoding: false,
        shouldKeepAlive: true,
        useChunkedEncodingByDefault: true,
        sendDate: true,
        _removedHeader: {},
        _contentLength: null,
        _hasBody: true,
        _trailer: '',
        finished: false,
        _headerSent: false,
        socket: [Circular],
        connection: [Circular],
        _header: null,
        _headers: [Object],
        _headerNames: [Object],
        _onPendingData: [Function: updateOutgoingData],
        req: [Circular],
        locals: [Function: locals] },
     _peername: { address: '::ffff:127.0.0.1', family: 'IPv6', port: 58536 } },
  httpVersionMajor: 1,
  httpVersionMinor: 1,
  httpVersion: '1.1',
  complete: false,
  headers: 
   { host: '127.0.0.1:18080',
     connection: 'keep-alive',
     'cache-control': 'max-age=0',
     'upgrade-insecure-requests': '1',
     'user-agent': 'Mozilla/5.0 (Windows NT 6.1; WOW64) AppleWebKit/537.36 (KHTML, like Gecko) Chrome/55.0.2883.87 Safari/537.36',
     accept: 'text/html,application/xhtml+xml,application/xml;q=0.9,image/webp,*/*;q=0.8',
     'accept-encoding': 'gzip, deflate, sdch, br',
     'accept-language': 'zh-CN,zh;q=0.8',
     cookie: 'sid=34r4q36n6el8roejhfpsqvnqj1; _csrf=a641275072eb4bae8bbbd9200af64681f9362a7c574b0b1b7d9531c5ce260845a%3A2%3A%7Bi%3A0%3Bs%3A5%3A%22_csrf%22%3Bi%3A1%3Bs%3A32%3A%22aqwJRu9SB2vRpHBya66cY6Zse1R6UDqX%22%3B%7D; PHPSESSID=cmc7jgdtlo8ashg9ndq0ekbab1; CACHED_FRONT_FORM_KEY=XFlk4aqcCybu7snv; _uuid=43976248-B64C-4E4D-855B-E5430E723978; Hm_lvt_32ddf50f15b8e3b56c7e0a49202c521e=1483943527; Hm_lpvt_32ddf50f15b8e3b56c7e0a49202c521e=1483943803',
     'if-none-match': '"-755966948"' },
  rawHeaders: 
   [ 'Host',
     '127.0.0.1:18080',
     'Connection',
     'keep-alive',
     'Cache-Control',
     'max-age=0',
     'Upgrade-Insecure-Requests',
     '1',
     'User-Agent',
     'Mozilla/5.0 (Windows NT 6.1; WOW64) AppleWebKit/537.36 (KHTML, like Gecko) Chrome/55.0.2883.87 Safari/537.36',
     'Accept',
     'text/html,application/xhtml+xml,application/xml;q=0.9,image/webp,*/*;q=0.8',
     'Accept-Encoding',
     'gzip, deflate, sdch, br',
     'Accept-Language',
     'zh-CN,zh;q=0.8',
     'Cookie',
     'sid=34r4q36n6el8roejhfpsqvnqj1; _csrf=a641275072eb4bae8bbbd9200af64681f9362a7c574b0b1b7d9531c5ce260845a%3A2%3A%7Bi%3A0%3Bs%3A5%3A%22_csrf%22%3Bi%3A1%3Bs%3A32%3A%22aqwJRu9SB2vRpHBya66cY6Zse1R6UDqX%22%3B%7D; PHPSESSID=cmc7jgdtlo8ashg9ndq0ekbab1; CACHED_FRONT_FORM_KEY=XFlk4aqcCybu7snv; _uuid=43976248-B64C-4E4D-855B-E5430E723978; Hm_lvt_32ddf50f15b8e3b56c7e0a49202c521e=1483943527; Hm_lpvt_32ddf50f15b8e3b56c7e0a49202c521e=1483943803',
     'If-None-Match',
     '"-755966948"' ],
  trailers: {},
  rawTrailers: [],
  upgrade: false,
  url: '/repl?name=Link',
  method: 'GET',
  statusCode: null,
  statusMessage: null,
  client: 
   Socket {
     _connecting: false,
     _hadError: false,
     _handle: 
      TCP {
        bytesRead: 886,
        _externalStream: {},
        fd: -1,
        reading: true,
        owner: [Circular],
        onread: [Function: onread],
        onconnection: null,
        writeQueueSize: 0 },
     _parent: null,
     _host: null,
     _readableState: 
      ReadableState {
        objectMode: false,
        highWaterMark: 16384,
        buffer: [],
        length: 0,
        pipes: null,
        pipesCount: 0,
        flowing: true,
        ended: false,
        endEmitted: false,
        reading: true,
        sync: false,
        needReadable: true,
        emittedReadable: false,
        readableListening: false,
        resumeScheduled: false,
        defaultEncoding: 'utf8',
        ranOut: false,
        awaitDrain: 0,
        readingMore: false,
        decoder: null,
        encoding: null },
     readable: true,
     domain: null,
     _events: 
      { end: [Object],
        finish: [Function: onSocketFinish],
        _socketEnd: [Function: onSocketEnd],
        drain: [Object],
        timeout: [Function],
        error: [Function: socketOnError],
        close: [Object],
        data: [Function: socketOnData],
        resume: [Function: onSocketResume],
        pause: [Function: onSocketPause] },
     _eventsCount: 10,
     _maxListeners: undefined,
     _writableState: 
      WritableState {
        objectMode: false,
        highWaterMark: 16384,
        needDrain: false,
        ending: false,
        ended: false,
        finished: false,
        decodeStrings: false,
        defaultEncoding: 'utf8',
        length: 0,
        writing: false,
        corked: 0,
        sync: true,
        bufferProcessing: false,
        onwrite: [Function],
        writecb: null,
        writelen: 0,
        bufferedRequest: null,
        lastBufferedRequest: null,
        pendingcb: 0,
        prefinished: false,
        errorEmitted: false,
        bufferedRequestCount: 0,
        corkedRequestsFree: [Object] },
     writable: true,
     allowHalfOpen: true,
     destroyed: false,
     _bytesDispatched: 0,
     _sockname: null,
     _pendingData: null,
     _pendingEncoding: '',
     server: 
      Server {
        domain: null,
        _events: [Object],
        _eventsCount: 3,
        _maxListeners: undefined,
        _connections: 1,
        _handle: [Object],
        _usingSlaves: false,
        _slaves: [],
        _unref: false,
        allowHalfOpen: true,
        pauseOnConnect: false,
        httpAllowHalfOpen: false,
        timeout: 120000,
        _pendingResponseData: 0,
        _connectionKey: '6::::18080' },
     _server: 
      Server {
        domain: null,
        _events: [Object],
        _eventsCount: 3,
        _maxListeners: undefined,
        _connections: 1,
        _handle: [Object],
        _usingSlaves: false,
        _slaves: [],
        _unref: false,
        allowHalfOpen: true,
        pauseOnConnect: false,
        httpAllowHalfOpen: false,
        timeout: 120000,
        _pendingResponseData: 0,
        _connectionKey: '6::::18080' },
     _idleTimeout: 120000,
     _idleNext: { _idleNext: [Circular], _idlePrev: [Circular] },
     _idlePrev: { _idleNext: [Circular], _idlePrev: [Circular] },
     _idleStart: 6900,
     parser: 
      HTTPParser {
        '0': [Function: parserOnHeaders],
        '1': [Function: parserOnHeadersComplete],
        '2': [Function: parserOnBody],
        '3': [Function: parserOnMessageComplete],
        '4': [Function: onParserExecute],
        _headers: [],
        _url: '',
        _consumed: true,
        socket: [Circular],
        incoming: [Circular],
        outgoing: null,
        maxHeaderPairs: 2000,
        onIncoming: [Function: parserOnIncoming] },
     on: [Function: socketOnWrap],
     _paused: false,
     read: [Function],
     _consuming: true,
     _httpMessage: 
      ServerResponse {
        domain: null,
        _events: [Object],
        _eventsCount: 2,
        _maxListeners: undefined,
        output: [],
        outputEncodings: [],
        outputCallbacks: [],
        outputSize: 0,
        writable: true,
        _last: false,
        chunkedEncoding: false,
        shouldKeepAlive: true,
        useChunkedEncodingByDefault: true,
        sendDate: true,
        _removedHeader: {},
        _contentLength: null,
        _hasBody: true,
        _trailer: '',
        finished: false,
        _headerSent: false,
        socket: [Circular],
        connection: [Circular],
        _header: null,
        _headers: [Object],
        _headerNames: [Object],
        _onPendingData: [Function: updateOutgoingData],
        req: [Circular],
        locals: [Function: locals] },
     _peername: { address: '::ffff:127.0.0.1', family: 'IPv6', port: 58536 } },
  _consuming: false,
  _dumped: false,
  originalUrl: '/repl?name=Link',
  _parsedUrl: 
   Url {
     protocol: null,
     slashes: null,
     auth: null,
     host: null,
     port: null,
     hostname: null,
     hash: null,
     search: '?name=Link',
     query: 'name=Link',
     pathname: '/repl',
     path: '/repl?name=Link',
     href: '/repl?name=Link' },
  query: { name: 'Link' },
  res: 
   ServerResponse {
     domain: null,
     _events: { finish: [Object], close: [Function: logRequest] },
     _eventsCount: 2,
     _maxListeners: undefined,
     output: [],
     outputEncodings: [],
     outputCallbacks: [],
     outputSize: 0,
     writable: true,
     _last: false,
     chunkedEncoding: false,
     shouldKeepAlive: true,
     useChunkedEncodingByDefault: true,
     sendDate: true,
     _removedHeader: {},
     _contentLength: null,
     _hasBody: true,
     _trailer: '',
     finished: false,
     _headerSent: false,
     socket: 
      Socket {
        _connecting: false,
        _hadError: false,
        _handle: [Object],
        _parent: null,
        _host: null,
        _readableState: [Object],
        readable: true,
        domain: null,
        _events: [Object],
        _eventsCount: 10,
        _maxListeners: undefined,
        _writableState: [Object],
        writable: true,
        allowHalfOpen: true,
        destroyed: false,
        _bytesDispatched: 0,
        _sockname: null,
        _pendingData: null,
        _pendingEncoding: '',
        server: [Object],
        _server: [Object],
        _idleTimeout: 120000,
        _idleNext: [Object],
        _idlePrev: [Object],
        _idleStart: 6900,
        parser: [Object],
        on: [Function: socketOnWrap],
        _paused: false,
        read: [Function],
        _consuming: true,
        _httpMessage: [Circular],
        _peername: [Object] },
     connection: 
      Socket {
        _connecting: false,
        _hadError: false,
        _handle: [Object],
        _parent: null,
        _host: null,
        _readableState: [Object],
        readable: true,
        domain: null,
        _events: [Object],
        _eventsCount: 10,
        _maxListeners: undefined,
        _writableState: [Object],
        writable: true,
        allowHalfOpen: true,
        destroyed: false,
        _bytesDispatched: 0,
        _sockname: null,
        _pendingData: null,
        _pendingEncoding: '',
        server: [Object],
        _server: [Object],
        _idleTimeout: 120000,
        _idleNext: [Object],
        _idlePrev: [Object],
        _idleStart: 6900,
        parser: [Object],
        on: [Function: socketOnWrap],
        _paused: false,
        read: [Function],
        _consuming: true,
        _httpMessage: [Circular],
        _peername: [Object] },
     _header: null,
     _headers: { 'x-powered-by': 'Express' },
     _headerNames: { 'x-powered-by': 'X-Powered-By' },
     _onPendingData: [Function: updateOutgoingData],
     req: [Circular],
     locals: [Function: locals] },
  next: [Function: next],
  _startTime: Sat Feb 25 2017 16:09:34 GMT+0800 (中国标准时间),
  _remoteAddress: '::ffff:127.0.0.1',
  body: {},
  originalMethod: 'GET',
  _route_index: 2,
  route: 
   Route {
     path: '/repl',
     method: 'get',
     callbacks: [ [Function] ],
     keys: [],
     regexp: /^\/repl\/?$/i,
     params: [] },
  params: [] }
[90mGET /repl?name=Link [36m304 [90m39ms[0m
[INFO] 16:34:01 Restarting
[ERROR] 16:34:02 SyntaxError
[INFO] 16:34:13 Restarting
Express server listening on port 18080
IncomingMessage {
  _readableState: 
   ReadableState {
     objectMode: false,
     highWaterMark: 16384,
     buffer: [],
     length: 0,
     pipes: null,
     pipesCount: 0,
     flowing: null,
     ended: false,
     endEmitted: false,
     reading: false,
     sync: true,
     needReadable: false,
     emittedReadable: false,
     readableListening: false,
     resumeScheduled: false,
     defaultEncoding: 'utf8',
     ranOut: false,
     awaitDrain: 0,
     readingMore: true,
     decoder: null,
     encoding: null },
  readable: true,
  domain: null,
  _events: {},
  _eventsCount: 0,
  _maxListeners: undefined,
  socket: 
   Socket {
     _connecting: false,
     _hadError: false,
     _handle: 
      TCP {
        bytesRead: 886,
        _externalStream: {},
        fd: -1,
        reading: true,
        owner: [Circular],
        onread: [Function: onread],
        onconnection: null,
        writeQueueSize: 0 },
     _parent: null,
     _host: null,
     _readableState: 
      ReadableState {
        objectMode: false,
        highWaterMark: 16384,
        buffer: [],
        length: 0,
        pipes: null,
        pipesCount: 0,
        flowing: true,
        ended: false,
        endEmitted: false,
        reading: true,
        sync: false,
        needReadable: true,
        emittedReadable: false,
        readableListening: false,
        resumeScheduled: false,
        defaultEncoding: 'utf8',
        ranOut: false,
        awaitDrain: 0,
        readingMore: false,
        decoder: null,
        encoding: null },
     readable: true,
     domain: null,
     _events: 
      { end: [Object],
        finish: [Function: onSocketFinish],
        _socketEnd: [Function: onSocketEnd],
        drain: [Object],
        timeout: [Function],
        error: [Function: socketOnError],
        close: [Object],
        data: [Function: socketOnData],
        resume: [Function: onSocketResume],
        pause: [Function: onSocketPause] },
     _eventsCount: 10,
     _maxListeners: undefined,
     _writableState: 
      WritableState {
        objectMode: false,
        highWaterMark: 16384,
        needDrain: false,
        ending: false,
        ended: false,
        finished: false,
        decodeStrings: false,
        defaultEncoding: 'utf8',
        length: 0,
        writing: false,
        corked: 0,
        sync: true,
        bufferProcessing: false,
        onwrite: [Function],
        writecb: null,
        writelen: 0,
        bufferedRequest: null,
        lastBufferedRequest: null,
        pendingcb: 0,
        prefinished: false,
        errorEmitted: false,
        bufferedRequestCount: 0,
        corkedRequestsFree: [Object] },
     writable: true,
     allowHalfOpen: true,
     destroyed: false,
     _bytesDispatched: 0,
     _sockname: null,
     _pendingData: null,
     _pendingEncoding: '',
     server: 
      Server {
        domain: null,
        _events: [Object],
        _eventsCount: 3,
        _maxListeners: undefined,
        _connections: 1,
        _handle: [Object],
        _usingSlaves: false,
        _slaves: [],
        _unref: false,
        allowHalfOpen: true,
        pauseOnConnect: false,
        httpAllowHalfOpen: false,
        timeout: 120000,
        _pendingResponseData: 0,
        _connectionKey: '6::::18080' },
     _server: 
      Server {
        domain: null,
        _events: [Object],
        _eventsCount: 3,
        _maxListeners: undefined,
        _connections: 1,
        _handle: [Object],
        _usingSlaves: false,
        _slaves: [],
        _unref: false,
        allowHalfOpen: true,
        pauseOnConnect: false,
        httpAllowHalfOpen: false,
        timeout: 120000,
        _pendingResponseData: 0,
        _connectionKey: '6::::18080' },
     _idleTimeout: 120000,
     _idleNext: { _idleNext: [Circular], _idlePrev: [Circular] },
     _idlePrev: { _idleNext: [Circular], _idlePrev: [Circular] },
     _idleStart: 50791,
     parser: 
      HTTPParser {
        '0': [Function: parserOnHeaders],
        '1': [Function: parserOnHeadersComplete],
        '2': [Function: parserOnBody],
        '3': [Function: parserOnMessageComplete],
        '4': [Function: onParserExecute],
        _headers: [],
        _url: '',
        _consumed: true,
        socket: [Circular],
        incoming: [Circular],
        outgoing: null,
        maxHeaderPairs: 2000,
        onIncoming: [Function: parserOnIncoming] },
     on: [Function: socketOnWrap],
     _paused: false,
     read: [Function],
     _consuming: true,
     _httpMessage: 
      ServerResponse {
        domain: null,
        _events: [Object],
        _eventsCount: 2,
        _maxListeners: undefined,
        output: [],
        outputEncodings: [],
        outputCallbacks: [],
        outputSize: 0,
        writable: true,
        _last: false,
        chunkedEncoding: false,
        shouldKeepAlive: true,
        useChunkedEncodingByDefault: true,
        sendDate: true,
        _removedHeader: {},
        _contentLength: null,
        _hasBody: true,
        _trailer: '',
        finished: false,
        _headerSent: false,
        socket: [Circular],
        connection: [Circular],
        _header: null,
        _headers: [Object],
        _headerNames: [Object],
        _onPendingData: [Function: updateOutgoingData],
        req: [Circular],
        locals: [Function: locals] },
     _peername: { address: '::ffff:127.0.0.1', family: 'IPv6', port: 60230 } },
  connection: 
   Socket {
     _connecting: false,
     _hadError: false,
     _handle: 
      TCP {
        bytesRead: 886,
        _externalStream: {},
        fd: -1,
        reading: true,
        owner: [Circular],
        onread: [Function: onread],
        onconnection: null,
        writeQueueSize: 0 },
     _parent: null,
     _host: null,
     _readableState: 
      ReadableState {
        objectMode: false,
        highWaterMark: 16384,
        buffer: [],
        length: 0,
        pipes: null,
        pipesCount: 0,
        flowing: true,
        ended: false,
        endEmitted: false,
        reading: true,
        sync: false,
        needReadable: true,
        emittedReadable: false,
        readableListening: false,
        resumeScheduled: false,
        defaultEncoding: 'utf8',
        ranOut: false,
        awaitDrain: 0,
        readingMore: false,
        decoder: null,
        encoding: null },
     readable: true,
     domain: null,
     _events: 
      { end: [Object],
        finish: [Function: onSocketFinish],
        _socketEnd: [Function: onSocketEnd],
        drain: [Object],
        timeout: [Function],
        error: [Function: socketOnError],
        close: [Object],
        data: [Function: socketOnData],
        resume: [Function: onSocketResume],
        pause: [Function: onSocketPause] },
     _eventsCount: 10,
     _maxListeners: undefined,
     _writableState: 
      WritableState {
        objectMode: false,
        highWaterMark: 16384,
        needDrain: false,
        ending: false,
        ended: false,
        finished: false,
        decodeStrings: false,
        defaultEncoding: 'utf8',
        length: 0,
        writing: false,
        corked: 0,
        sync: true,
        bufferProcessing: false,
        onwrite: [Function],
        writecb: null,
        writelen: 0,
        bufferedRequest: null,
        lastBufferedRequest: null,
        pendingcb: 0,
        prefinished: false,
        errorEmitted: false,
        bufferedRequestCount: 0,
        corkedRequestsFree: [Object] },
     writable: true,
     allowHalfOpen: true,
     destroyed: false,
     _bytesDispatched: 0,
     _sockname: null,
     _pendingData: null,
     _pendingEncoding: '',
     server: 
      Server {
        domain: null,
        _events: [Object],
        _eventsCount: 3,
        _maxListeners: undefined,
        _connections: 1,
        _handle: [Object],
        _usingSlaves: false,
        _slaves: [],
        _unref: false,
        allowHalfOpen: true,
        pauseOnConnect: false,
        httpAllowHalfOpen: false,
        timeout: 120000,
        _pendingResponseData: 0,
        _connectionKey: '6::::18080' },
     _server: 
      Server {
        domain: null,
        _events: [Object],
        _eventsCount: 3,
        _maxListeners: undefined,
        _connections: 1,
        _handle: [Object],
        _usingSlaves: false,
        _slaves: [],
        _unref: false,
        allowHalfOpen: true,
        pauseOnConnect: false,
        httpAllowHalfOpen: false,
        timeout: 120000,
        _pendingResponseData: 0,
        _connectionKey: '6::::18080' },
     _idleTimeout: 120000,
     _idleNext: { _idleNext: [Circular], _idlePrev: [Circular] },
     _idlePrev: { _idleNext: [Circular], _idlePrev: [Circular] },
     _idleStart: 50791,
     parser: 
      HTTPParser {
        '0': [Function: parserOnHeaders],
        '1': [Function: parserOnHeadersComplete],
        '2': [Function: parserOnBody],
        '3': [Function: parserOnMessageComplete],
        '4': [Function: onParserExecute],
        _headers: [],
        _url: '',
        _consumed: true,
        socket: [Circular],
        incoming: [Circular],
        outgoing: null,
        maxHeaderPairs: 2000,
        onIncoming: [Function: parserOnIncoming] },
     on: [Function: socketOnWrap],
     _paused: false,
     read: [Function],
     _consuming: true,
     _httpMessage: 
      ServerResponse {
        domain: null,
        _events: [Object],
        _eventsCount: 2,
        _maxListeners: undefined,
        output: [],
        outputEncodings: [],
        outputCallbacks: [],
        outputSize: 0,
        writable: true,
        _last: false,
        chunkedEncoding: false,
        shouldKeepAlive: true,
        useChunkedEncodingByDefault: true,
        sendDate: true,
        _removedHeader: {},
        _contentLength: null,
        _hasBody: true,
        _trailer: '',
        finished: false,
        _headerSent: false,
        socket: [Circular],
        connection: [Circular],
        _header: null,
        _headers: [Object],
        _headerNames: [Object],
        _onPendingData: [Function: updateOutgoingData],
        req: [Circular],
        locals: [Function: locals] },
     _peername: { address: '::ffff:127.0.0.1', family: 'IPv6', port: 60230 } },
  httpVersionMajor: 1,
  httpVersionMinor: 1,
  httpVersion: '1.1',
  complete: false,
  headers: 
   { host: '127.0.0.1:18080',
     connection: 'keep-alive',
     'cache-control': 'max-age=0',
     'upgrade-insecure-requests': '1',
     'user-agent': 'Mozilla/5.0 (Windows NT 6.1; WOW64) AppleWebKit/537.36 (KHTML, like Gecko) Chrome/55.0.2883.87 Safari/537.36',
     accept: 'text/html,application/xhtml+xml,application/xml;q=0.9,image/webp,*/*;q=0.8',
     'accept-encoding': 'gzip, deflate, sdch, br',
     'accept-language': 'zh-CN,zh;q=0.8',
     cookie: 'sid=34r4q36n6el8roejhfpsqvnqj1; _csrf=a641275072eb4bae8bbbd9200af64681f9362a7c574b0b1b7d9531c5ce260845a%3A2%3A%7Bi%3A0%3Bs%3A5%3A%22_csrf%22%3Bi%3A1%3Bs%3A32%3A%22aqwJRu9SB2vRpHBya66cY6Zse1R6UDqX%22%3B%7D; PHPSESSID=cmc7jgdtlo8ashg9ndq0ekbab1; CACHED_FRONT_FORM_KEY=XFlk4aqcCybu7snv; _uuid=43976248-B64C-4E4D-855B-E5430E723978; Hm_lvt_32ddf50f15b8e3b56c7e0a49202c521e=1483943527; Hm_lpvt_32ddf50f15b8e3b56c7e0a49202c521e=1483943803',
     'if-none-match': '"-755966948"' },
  rawHeaders: 
   [ 'Host',
     '127.0.0.1:18080',
     'Connection',
     'keep-alive',
     'Cache-Control',
     'max-age=0',
     'Upgrade-Insecure-Requests',
     '1',
     'User-Agent',
     'Mozilla/5.0 (Windows NT 6.1; WOW64) AppleWebKit/537.36 (KHTML, like Gecko) Chrome/55.0.2883.87 Safari/537.36',
     'Accept',
     'text/html,application/xhtml+xml,application/xml;q=0.9,image/webp,*/*;q=0.8',
     'Accept-Encoding',
     'gzip, deflate, sdch, br',
     'Accept-Language',
     'zh-CN,zh;q=0.8',
     'Cookie',
     'sid=34r4q36n6el8roejhfpsqvnqj1; _csrf=a641275072eb4bae8bbbd9200af64681f9362a7c574b0b1b7d9531c5ce260845a%3A2%3A%7Bi%3A0%3Bs%3A5%3A%22_csrf%22%3Bi%3A1%3Bs%3A32%3A%22aqwJRu9SB2vRpHBya66cY6Zse1R6UDqX%22%3B%7D; PHPSESSID=cmc7jgdtlo8ashg9ndq0ekbab1; CACHED_FRONT_FORM_KEY=XFlk4aqcCybu7snv; _uuid=43976248-B64C-4E4D-855B-E5430E723978; Hm_lvt_32ddf50f15b8e3b56c7e0a49202c521e=1483943527; Hm_lpvt_32ddf50f15b8e3b56c7e0a49202c521e=1483943803',
     'If-None-Match',
     '"-755966948"' ],
  trailers: {},
  rawTrailers: [],
  upgrade: false,
  url: '/repl?name=Link',
  method: 'GET',
  statusCode: null,
  statusMessage: null,
  client: 
   Socket {
     _connecting: false,
     _hadError: false,
     _handle: 
      TCP {
        bytesRead: 886,
        _externalStream: {},
        fd: -1,
        reading: true,
        owner: [Circular],
        onread: [Function: onread],
        onconnection: null,
        writeQueueSize: 0 },
     _parent: null,
     _host: null,
     _readableState: 
      ReadableState {
        objectMode: false,
        highWaterMark: 16384,
        buffer: [],
        length: 0,
        pipes: null,
        pipesCount: 0,
        flowing: true,
        ended: false,
        endEmitted: false,
        reading: true,
        sync: false,
        needReadable: true,
        emittedReadable: false,
        readableListening: false,
        resumeScheduled: false,
        defaultEncoding: 'utf8',
        ranOut: false,
        awaitDrain: 0,
        readingMore: false,
        decoder: null,
        encoding: null },
     readable: true,
     domain: null,
     _events: 
      { end: [Object],
        finish: [Function: onSocketFinish],
        _socketEnd: [Function: onSocketEnd],
        drain: [Object],
        timeout: [Function],
        error: [Function: socketOnError],
        close: [Object],
        data: [Function: socketOnData],
        resume: [Function: onSocketResume],
        pause: [Function: onSocketPause] },
     _eventsCount: 10,
     _maxListeners: undefined,
     _writableState: 
      WritableState {
        objectMode: false,
        highWaterMark: 16384,
        needDrain: false,
        ending: false,
        ended: false,
        finished: false,
        decodeStrings: false,
        defaultEncoding: 'utf8',
        length: 0,
        writing: false,
        corked: 0,
        sync: true,
        bufferProcessing: false,
        onwrite: [Function],
        writecb: null,
        writelen: 0,
        bufferedRequest: null,
        lastBufferedRequest: null,
        pendingcb: 0,
        prefinished: false,
        errorEmitted: false,
        bufferedRequestCount: 0,
        corkedRequestsFree: [Object] },
     writable: true,
     allowHalfOpen: true,
     destroyed: false,
     _bytesDispatched: 0,
     _sockname: null,
     _pendingData: null,
     _pendingEncoding: '',
     server: 
      Server {
        domain: null,
        _events: [Object],
        _eventsCount: 3,
        _maxListeners: undefined,
        _connections: 1,
        _handle: [Object],
        _usingSlaves: false,
        _slaves: [],
        _unref: false,
        allowHalfOpen: true,
        pauseOnConnect: false,
        httpAllowHalfOpen: false,
        timeout: 120000,
        _pendingResponseData: 0,
        _connectionKey: '6::::18080' },
     _server: 
      Server {
        domain: null,
        _events: [Object],
        _eventsCount: 3,
        _maxListeners: undefined,
        _connections: 1,
        _handle: [Object],
        _usingSlaves: false,
        _slaves: [],
        _unref: false,
        allowHalfOpen: true,
        pauseOnConnect: false,
        httpAllowHalfOpen: false,
        timeout: 120000,
        _pendingResponseData: 0,
        _connectionKey: '6::::18080' },
     _idleTimeout: 120000,
     _idleNext: { _idleNext: [Circular], _idlePrev: [Circular] },
     _idlePrev: { _idleNext: [Circular], _idlePrev: [Circular] },
     _idleStart: 50791,
     parser: 
      HTTPParser {
        '0': [Function: parserOnHeaders],
        '1': [Function: parserOnHeadersComplete],
        '2': [Function: parserOnBody],
        '3': [Function: parserOnMessageComplete],
        '4': [Function: onParserExecute],
        _headers: [],
        _url: '',
        _consumed: true,
        socket: [Circular],
        incoming: [Circular],
        outgoing: null,
        maxHeaderPairs: 2000,
        onIncoming: [Function: parserOnIncoming] },
     on: [Function: socketOnWrap],
     _paused: false,
     read: [Function],
     _consuming: true,
     _httpMessage: 
      ServerResponse {
        domain: null,
        _events: [Object],
        _eventsCount: 2,
        _maxListeners: undefined,
        output: [],
        outputEncodings: [],
        outputCallbacks: [],
        outputSize: 0,
        writable: true,
        _last: false,
        chunkedEncoding: false,
        shouldKeepAlive: true,
        useChunkedEncodingByDefault: true,
        sendDate: true,
        _removedHeader: {},
        _contentLength: null,
        _hasBody: true,
        _trailer: '',
        finished: false,
        _headerSent: false,
        socket: [Circular],
        connection: [Circular],
        _header: null,
        _headers: [Object],
        _headerNames: [Object],
        _onPendingData: [Function: updateOutgoingData],
        req: [Circular],
        locals: [Function: locals] },
     _peername: { address: '::ffff:127.0.0.1', family: 'IPv6', port: 60230 } },
  _consuming: false,
  _dumped: false,
  originalUrl: '/repl?name=Link',
  _parsedUrl: 
   Url {
     protocol: null,
     slashes: null,
     auth: null,
     host: null,
     port: null,
     hostname: null,
     hash: null,
     search: '?name=Link',
     query: 'name=Link',
     pathname: '/repl',
     path: '/repl?name=Link',
     href: '/repl?name=Link' },
  query: { name: 'Link' },
  res: 
   ServerResponse {
     domain: null,
     _events: { finish: [Object], close: [Function: logRequest] },
     _eventsCount: 2,
     _maxListeners: undefined,
     output: [],
     outputEncodings: [],
     outputCallbacks: [],
     outputSize: 0,
     writable: true,
     _last: false,
     chunkedEncoding: false,
     shouldKeepAlive: true,
     useChunkedEncodingByDefault: true,
     sendDate: true,
     _removedHeader: {},
     _contentLength: null,
     _hasBody: true,
     _trailer: '',
     finished: false,
     _headerSent: false,
     socket: 
      Socket {
        _connecting: false,
        _hadError: false,
        _handle: [Object],
        _parent: null,
        _host: null,
        _readableState: [Object],
        readable: true,
        domain: null,
        _events: [Object],
        _eventsCount: 10,
        _maxListeners: undefined,
        _writableState: [Object],
        writable: true,
        allowHalfOpen: true,
        destroyed: false,
        _bytesDispatched: 0,
        _sockname: null,
        _pendingData: null,
        _pendingEncoding: '',
        server: [Object],
        _server: [Object],
        _idleTimeout: 120000,
        _idleNext: [Object],
        _idlePrev: [Object],
        _idleStart: 50791,
        parser: [Object],
        on: [Function: socketOnWrap],
        _paused: false,
        read: [Function],
        _consuming: true,
        _httpMessage: [Circular],
        _peername: [Object] },
     connection: 
      Socket {
        _connecting: false,
        _hadError: false,
        _handle: [Object],
        _parent: null,
        _host: null,
        _readableState: [Object],
        readable: true,
        domain: null,
        _events: [Object],
        _eventsCount: 10,
        _maxListeners: undefined,
        _writableState: [Object],
        writable: true,
        allowHalfOpen: true,
        destroyed: false,
        _bytesDispatched: 0,
        _sockname: null,
        _pendingData: null,
        _pendingEncoding: '',
        server: [Object],
        _server: [Object],
        _idleTimeout: 120000,
        _idleNext: [Object],
        _idlePrev: [Object],
        _idleStart: 50791,
        parser: [Object],
        on: [Function: socketOnWrap],
        _paused: false,
        read: [Function],
        _consuming: true,
        _httpMessage: [Circular],
        _peername: [Object] },
     _header: null,
     _headers: { 'x-powered-by': 'Express' },
     _headerNames: { 'x-powered-by': 'X-Powered-By' },
     _onPendingData: [Function: updateOutgoingData],
     req: [Circular],
     locals: [Function: locals] },
  next: [Function: next],
  _startTime: Sat Feb 25 2017 16:35:03 GMT+0800 (中国标准时间),
  _remoteAddress: '::ffff:127.0.0.1',
  body: {},
  originalMethod: 'GET',
  _route_index: 2,
  route: 
   Route {
     path: '/repl',
     method: 'get',
     callbacks: [ [Function] ],
     keys: [],
     regexp: /^\/repl\/?$/i,
     params: [] },
  params: [] }
[90mGET /repl?name=Link [36m304 [90m31ms[0m
[90mPOST /repl?name=Link [33m404 [90m4ms[0m
[INFO] 16:40:47 Restarting
Express server listening on port 18080
IncomingMessage {
  _readableState: 
   ReadableState {
     objectMode: false,
     highWaterMark: 16384,
     buffer: [],
     length: 0,
     pipes: null,
     pipesCount: 0,
     flowing: null,
     ended: false,
     endEmitted: false,
     reading: false,
     sync: true,
     needReadable: false,
     emittedReadable: false,
     readableListening: false,
     resumeScheduled: false,
     defaultEncoding: 'utf8',
     ranOut: false,
     awaitDrain: 0,
     readingMore: true,
     decoder: null,
     encoding: null },
  readable: true,
  domain: null,
  _events: {},
  _eventsCount: 0,
  _maxListeners: undefined,
  socket: 
   Socket {
     _connecting: false,
     _hadError: false,
     _handle: 
      TCP {
        bytesRead: 901,
        _externalStream: {},
        fd: -1,
        reading: true,
        owner: [Circular],
        onread: [Function: onread],
        onconnection: null,
        writeQueueSize: 0 },
     _parent: null,
     _host: null,
     _readableState: 
      ReadableState {
        objectMode: false,
        highWaterMark: 16384,
        buffer: [],
        length: 0,
        pipes: null,
        pipesCount: 0,
        flowing: true,
        ended: false,
        endEmitted: false,
        reading: true,
        sync: false,
        needReadable: true,
        emittedReadable: false,
        readableListening: false,
        resumeScheduled: false,
        defaultEncoding: 'utf8',
        ranOut: false,
        awaitDrain: 0,
        readingMore: false,
        decoder: null,
        encoding: null },
     readable: true,
     domain: null,
     _events: 
      { end: [Object],
        finish: [Function: onSocketFinish],
        _socketEnd: [Function: onSocketEnd],
        drain: [Object],
        timeout: [Function],
        error: [Function: socketOnError],
        close: [Object],
        data: [Function: socketOnData],
        resume: [Function: onSocketResume],
        pause: [Function: onSocketPause] },
     _eventsCount: 10,
     _maxListeners: undefined,
     _writableState: 
      WritableState {
        objectMode: false,
        highWaterMark: 16384,
        needDrain: false,
        ending: false,
        ended: false,
        finished: false,
        decodeStrings: false,
        defaultEncoding: 'utf8',
        length: 0,
        writing: false,
        corked: 0,
        sync: true,
        bufferProcessing: false,
        onwrite: [Function],
        writecb: null,
        writelen: 0,
        bufferedRequest: null,
        lastBufferedRequest: null,
        pendingcb: 0,
        prefinished: false,
        errorEmitted: false,
        bufferedRequestCount: 0,
        corkedRequestsFree: [Object] },
     writable: true,
     allowHalfOpen: true,
     destroyed: false,
     _bytesDispatched: 0,
     _sockname: null,
     _pendingData: null,
     _pendingEncoding: '',
     server: 
      Server {
        domain: null,
        _events: [Object],
        _eventsCount: 3,
        _maxListeners: undefined,
        _connections: 1,
        _handle: [Object],
        _usingSlaves: false,
        _slaves: [],
        _unref: false,
        allowHalfOpen: true,
        pauseOnConnect: false,
        httpAllowHalfOpen: false,
        timeout: 120000,
        _pendingResponseData: 0,
        _connectionKey: '6::::18080' },
     _server: 
      Server {
        domain: null,
        _events: [Object],
        _eventsCount: 3,
        _maxListeners: undefined,
        _connections: 1,
        _handle: [Object],
        _usingSlaves: false,
        _slaves: [],
        _unref: false,
        allowHalfOpen: true,
        pauseOnConnect: false,
        httpAllowHalfOpen: false,
        timeout: 120000,
        _pendingResponseData: 0,
        _connectionKey: '6::::18080' },
     _idleTimeout: 120000,
     _idleNext: { _idleNext: [Circular], _idlePrev: [Circular] },
     _idlePrev: { _idleNext: [Circular], _idlePrev: [Circular] },
     _idleStart: 6087,
     parser: 
      HTTPParser {
        '0': [Function: parserOnHeaders],
        '1': [Function: parserOnHeadersComplete],
        '2': [Function: parserOnBody],
        '3': [Function: parserOnMessageComplete],
        '4': [Function: onParserExecute],
        _headers: [],
        _url: '',
        _consumed: true,
        socket: [Circular],
        incoming: [Circular],
        outgoing: null,
        maxHeaderPairs: 2000,
        onIncoming: [Function: parserOnIncoming] },
     on: [Function: socketOnWrap],
     _paused: false,
     read: [Function],
     _consuming: true,
     _httpMessage: 
      ServerResponse {
        domain: null,
        _events: [Object],
        _eventsCount: 2,
        _maxListeners: undefined,
        output: [],
        outputEncodings: [],
        outputCallbacks: [],
        outputSize: 0,
        writable: true,
        _last: false,
        chunkedEncoding: false,
        shouldKeepAlive: true,
        useChunkedEncodingByDefault: true,
        sendDate: true,
        _removedHeader: {},
        _contentLength: null,
        _hasBody: true,
        _trailer: '',
        finished: false,
        _headerSent: false,
        socket: [Circular],
        connection: [Circular],
        _header: null,
        _headers: [Object],
        _headerNames: [Object],
        _onPendingData: [Function: updateOutgoingData],
        req: [Circular],
        locals: [Function: locals] },
     _peername: { address: '::ffff:127.0.0.1', family: 'IPv6', port: 60492 } },
  connection: 
   Socket {
     _connecting: false,
     _hadError: false,
     _handle: 
      TCP {
        bytesRead: 901,
        _externalStream: {},
        fd: -1,
        reading: true,
        owner: [Circular],
        onread: [Function: onread],
        onconnection: null,
        writeQueueSize: 0 },
     _parent: null,
     _host: null,
     _readableState: 
      ReadableState {
        objectMode: false,
        highWaterMark: 16384,
        buffer: [],
        length: 0,
        pipes: null,
        pipesCount: 0,
        flowing: true,
        ended: false,
        endEmitted: false,
        reading: true,
        sync: false,
        needReadable: true,
        emittedReadable: false,
        readableListening: false,
        resumeScheduled: false,
        defaultEncoding: 'utf8',
        ranOut: false,
        awaitDrain: 0,
        readingMore: false,
        decoder: null,
        encoding: null },
     readable: true,
     domain: null,
     _events: 
      { end: [Object],
        finish: [Function: onSocketFinish],
        _socketEnd: [Function: onSocketEnd],
        drain: [Object],
        timeout: [Function],
        error: [Function: socketOnError],
        close: [Object],
        data: [Function: socketOnData],
        resume: [Function: onSocketResume],
        pause: [Function: onSocketPause] },
     _eventsCount: 10,
     _maxListeners: undefined,
     _writableState: 
      WritableState {
        objectMode: false,
        highWaterMark: 16384,
        needDrain: false,
        ending: false,
        ended: false,
        finished: false,
        decodeStrings: false,
        defaultEncoding: 'utf8',
        length: 0,
        writing: false,
        corked: 0,
        sync: true,
        bufferProcessing: false,
        onwrite: [Function],
        writecb: null,
        writelen: 0,
        bufferedRequest: null,
        lastBufferedRequest: null,
        pendingcb: 0,
        prefinished: false,
        errorEmitted: false,
        bufferedRequestCount: 0,
        corkedRequestsFree: [Object] },
     writable: true,
     allowHalfOpen: true,
     destroyed: false,
     _bytesDispatched: 0,
     _sockname: null,
     _pendingData: null,
     _pendingEncoding: '',
     server: 
      Server {
        domain: null,
        _events: [Object],
        _eventsCount: 3,
        _maxListeners: undefined,
        _connections: 1,
        _handle: [Object],
        _usingSlaves: false,
        _slaves: [],
        _unref: false,
        allowHalfOpen: true,
        pauseOnConnect: false,
        httpAllowHalfOpen: false,
        timeout: 120000,
        _pendingResponseData: 0,
        _connectionKey: '6::::18080' },
     _server: 
      Server {
        domain: null,
        _events: [Object],
        _eventsCount: 3,
        _maxListeners: undefined,
        _connections: 1,
        _handle: [Object],
        _usingSlaves: false,
        _slaves: [],
        _unref: false,
        allowHalfOpen: true,
        pauseOnConnect: false,
        httpAllowHalfOpen: false,
        timeout: 120000,
        _pendingResponseData: 0,
        _connectionKey: '6::::18080' },
     _idleTimeout: 120000,
     _idleNext: { _idleNext: [Circular], _idlePrev: [Circular] },
     _idlePrev: { _idleNext: [Circular], _idlePrev: [Circular] },
     _idleStart: 6087,
     parser: 
      HTTPParser {
        '0': [Function: parserOnHeaders],
        '1': [Function: parserOnHeadersComplete],
        '2': [Function: parserOnBody],
        '3': [Function: parserOnMessageComplete],
        '4': [Function: onParserExecute],
        _headers: [],
        _url: '',
        _consumed: true,
        socket: [Circular],
        incoming: [Circular],
        outgoing: null,
        maxHeaderPairs: 2000,
        onIncoming: [Function: parserOnIncoming] },
     on: [Function: socketOnWrap],
     _paused: false,
     read: [Function],
     _consuming: true,
     _httpMessage: 
      ServerResponse {
        domain: null,
        _events: [Object],
        _eventsCount: 2,
        _maxListeners: undefined,
        output: [],
        outputEncodings: [],
        outputCallbacks: [],
        outputSize: 0,
        writable: true,
        _last: false,
        chunkedEncoding: false,
        shouldKeepAlive: true,
        useChunkedEncodingByDefault: true,
        sendDate: true,
        _removedHeader: {},
        _contentLength: null,
        _hasBody: true,
        _trailer: '',
        finished: false,
        _headerSent: false,
        socket: [Circular],
        connection: [Circular],
        _header: null,
        _headers: [Object],
        _headerNames: [Object],
        _onPendingData: [Function: updateOutgoingData],
        req: [Circular],
        locals: [Function: locals] },
     _peername: { address: '::ffff:127.0.0.1', family: 'IPv6', port: 60492 } },
  httpVersionMajor: 1,
  httpVersionMinor: 1,
  httpVersion: '1.1',
  complete: false,
  headers: 
   { host: '127.0.0.1:18080',
     connection: 'keep-alive',
     'content-length': '0',
     pragma: 'no-cache',
     'cache-control': 'no-cache',
     accept: '*/*',
     origin: 'http://127.0.0.1:18080',
     'x-requested-with': 'XMLHttpRequest',
     'user-agent': 'Mozilla/5.0 (Windows NT 6.1; WOW64) AppleWebKit/537.36 (KHTML, like Gecko) Chrome/55.0.2883.87 Safari/537.36',
     referer: 'http://127.0.0.1:18080/repl?name=Link',
     'accept-encoding': 'gzip, deflate, br',
     'accept-language': 'zh-CN,zh;q=0.8',
     cookie: 'sid=34r4q36n6el8roejhfpsqvnqj1; _csrf=a641275072eb4bae8bbbd9200af64681f9362a7c574b0b1b7d9531c5ce260845a%3A2%3A%7Bi%3A0%3Bs%3A5%3A%22_csrf%22%3Bi%3A1%3Bs%3A32%3A%22aqwJRu9SB2vRpHBya66cY6Zse1R6UDqX%22%3B%7D; PHPSESSID=cmc7jgdtlo8ashg9ndq0ekbab1; CACHED_FRONT_FORM_KEY=XFlk4aqcCybu7snv; _uuid=43976248-B64C-4E4D-855B-E5430E723978; Hm_lvt_32ddf50f15b8e3b56c7e0a49202c521e=1483943527; Hm_lpvt_32ddf50f15b8e3b56c7e0a49202c521e=1483943803' },
  rawHeaders: 
   [ 'Host',
     '127.0.0.1:18080',
     'Connection',
     'keep-alive',
     'Content-Length',
     '0',
     'Pragma',
     'no-cache',
     'Cache-Control',
     'no-cache',
     'Accept',
     '*/*',
     'Origin',
     'http://127.0.0.1:18080',
     'X-Requested-With',
     'XMLHttpRequest',
     'User-Agent',
     'Mozilla/5.0 (Windows NT 6.1; WOW64) AppleWebKit/537.36 (KHTML, like Gecko) Chrome/55.0.2883.87 Safari/537.36',
     'Referer',
     'http://127.0.0.1:18080/repl?name=Link',
     'Accept-Encoding',
     'gzip, deflate, br',
     'Accept-Language',
     'zh-CN,zh;q=0.8',
     'Cookie',
     'sid=34r4q36n6el8roejhfpsqvnqj1; _csrf=a641275072eb4bae8bbbd9200af64681f9362a7c574b0b1b7d9531c5ce260845a%3A2%3A%7Bi%3A0%3Bs%3A5%3A%22_csrf%22%3Bi%3A1%3Bs%3A32%3A%22aqwJRu9SB2vRpHBya66cY6Zse1R6UDqX%22%3B%7D; PHPSESSID=cmc7jgdtlo8ashg9ndq0ekbab1; CACHED_FRONT_FORM_KEY=XFlk4aqcCybu7snv; _uuid=43976248-B64C-4E4D-855B-E5430E723978; Hm_lvt_32ddf50f15b8e3b56c7e0a49202c521e=1483943527; Hm_lpvt_32ddf50f15b8e3b56c7e0a49202c521e=1483943803' ],
  trailers: {},
  rawTrailers: [],
  upgrade: false,
  url: '/repl?name=Link',
  method: 'POST',
  statusCode: null,
  statusMessage: null,
  client: 
   Socket {
     _connecting: false,
     _hadError: false,
     _handle: 
      TCP {
        bytesRead: 901,
        _externalStream: {},
        fd: -1,
        reading: true,
        owner: [Circular],
        onread: [Function: onread],
        onconnection: null,
        writeQueueSize: 0 },
     _parent: null,
     _host: null,
     _readableState: 
      ReadableState {
        objectMode: false,
        highWaterMark: 16384,
        buffer: [],
        length: 0,
        pipes: null,
        pipesCount: 0,
        flowing: true,
        ended: false,
        endEmitted: false,
        reading: true,
        sync: false,
        needReadable: true,
        emittedReadable: false,
        readableListening: false,
        resumeScheduled: false,
        defaultEncoding: 'utf8',
        ranOut: false,
        awaitDrain: 0,
        readingMore: false,
        decoder: null,
        encoding: null },
     readable: true,
     domain: null,
     _events: 
      { end: [Object],
        finish: [Function: onSocketFinish],
        _socketEnd: [Function: onSocketEnd],
        drain: [Object],
        timeout: [Function],
        error: [Function: socketOnError],
        close: [Object],
        data: [Function: socketOnData],
        resume: [Function: onSocketResume],
        pause: [Function: onSocketPause] },
     _eventsCount: 10,
     _maxListeners: undefined,
     _writableState: 
      WritableState {
        objectMode: false,
        highWaterMark: 16384,
        needDrain: false,
        ending: false,
        ended: false,
        finished: false,
        decodeStrings: false,
        defaultEncoding: 'utf8',
        length: 0,
        writing: false,
        corked: 0,
        sync: true,
        bufferProcessing: false,
        onwrite: [Function],
        writecb: null,
        writelen: 0,
        bufferedRequest: null,
        lastBufferedRequest: null,
        pendingcb: 0,
        prefinished: false,
        errorEmitted: false,
        bufferedRequestCount: 0,
        corkedRequestsFree: [Object] },
     writable: true,
     allowHalfOpen: true,
     destroyed: false,
     _bytesDispatched: 0,
     _sockname: null,
     _pendingData: null,
     _pendingEncoding: '',
     server: 
      Server {
        domain: null,
        _events: [Object],
        _eventsCount: 3,
        _maxListeners: undefined,
        _connections: 1,
        _handle: [Object],
        _usingSlaves: false,
        _slaves: [],
        _unref: false,
        allowHalfOpen: true,
        pauseOnConnect: false,
        httpAllowHalfOpen: false,
        timeout: 120000,
        _pendingResponseData: 0,
        _connectionKey: '6::::18080' },
     _server: 
      Server {
        domain: null,
        _events: [Object],
        _eventsCount: 3,
        _maxListeners: undefined,
        _connections: 1,
        _handle: [Object],
        _usingSlaves: false,
        _slaves: [],
        _unref: false,
        allowHalfOpen: true,
        pauseOnConnect: false,
        httpAllowHalfOpen: false,
        timeout: 120000,
        _pendingResponseData: 0,
        _connectionKey: '6::::18080' },
     _idleTimeout: 120000,
     _idleNext: { _idleNext: [Circular], _idlePrev: [Circular] },
     _idlePrev: { _idleNext: [Circular], _idlePrev: [Circular] },
     _idleStart: 6087,
     parser: 
      HTTPParser {
        '0': [Function: parserOnHeaders],
        '1': [Function: parserOnHeadersComplete],
        '2': [Function: parserOnBody],
        '3': [Function: parserOnMessageComplete],
        '4': [Function: onParserExecute],
        _headers: [],
        _url: '',
        _consumed: true,
        socket: [Circular],
        incoming: [Circular],
        outgoing: null,
        maxHeaderPairs: 2000,
        onIncoming: [Function: parserOnIncoming] },
     on: [Function: socketOnWrap],
     _paused: false,
     read: [Function],
     _consuming: true,
     _httpMessage: 
      ServerResponse {
        domain: null,
        _events: [Object],
        _eventsCount: 2,
        _maxListeners: undefined,
        output: [],
        outputEncodings: [],
        outputCallbacks: [],
        outputSize: 0,
        writable: true,
        _last: false,
        chunkedEncoding: false,
        shouldKeepAlive: true,
        useChunkedEncodingByDefault: true,
        sendDate: true,
        _removedHeader: {},
        _contentLength: null,
        _hasBody: true,
        _trailer: '',
        finished: false,
        _headerSent: false,
        socket: [Circular],
        connection: [Circular],
        _header: null,
        _headers: [Object],
        _headerNames: [Object],
        _onPendingData: [Function: updateOutgoingData],
        req: [Circular],
        locals: [Function: locals] },
     _peername: { address: '::ffff:127.0.0.1', family: 'IPv6', port: 60492 } },
  _consuming: false,
  _dumped: false,
  originalUrl: '/repl?name=Link',
  _parsedUrl: 
   Url {
     protocol: null,
     slashes: null,
     auth: null,
     host: null,
     port: null,
     hostname: null,
     hash: null,
     search: '?name=Link',
     query: 'name=Link',
     pathname: '/repl',
     path: '/repl?name=Link',
     href: '/repl?name=Link' },
  query: { name: 'Link' },
  res: 
   ServerResponse {
     domain: null,
     _events: { finish: [Object], close: [Function: logRequest] },
     _eventsCount: 2,
     _maxListeners: undefined,
     output: [],
     outputEncodings: [],
     outputCallbacks: [],
     outputSize: 0,
     writable: true,
     _last: false,
     chunkedEncoding: false,
     shouldKeepAlive: true,
     useChunkedEncodingByDefault: true,
     sendDate: true,
     _removedHeader: {},
     _contentLength: null,
     _hasBody: true,
     _trailer: '',
     finished: false,
     _headerSent: false,
     socket: 
      Socket {
        _connecting: false,
        _hadError: false,
        _handle: [Object],
        _parent: null,
        _host: null,
        _readableState: [Object],
        readable: true,
        domain: null,
        _events: [Object],
        _eventsCount: 10,
        _maxListeners: undefined,
        _writableState: [Object],
        writable: true,
        allowHalfOpen: true,
        destroyed: false,
        _bytesDispatched: 0,
        _sockname: null,
        _pendingData: null,
        _pendingEncoding: '',
        server: [Object],
        _server: [Object],
        _idleTimeout: 120000,
        _idleNext: [Object],
        _idlePrev: [Object],
        _idleStart: 6087,
        parser: [Object],
        on: [Function: socketOnWrap],
        _paused: false,
        read: [Function],
        _consuming: true,
        _httpMessage: [Circular],
        _peername: [Object] },
     connection: 
      Socket {
        _connecting: false,
        _hadError: false,
        _handle: [Object],
        _parent: null,
        _host: null,
        _readableState: [Object],
        readable: true,
        domain: null,
        _events: [Object],
        _eventsCount: 10,
        _maxListeners: undefined,
        _writableState: [Object],
        writable: true,
        allowHalfOpen: true,
        destroyed: false,
        _bytesDispatched: 0,
        _sockname: null,
        _pendingData: null,
        _pendingEncoding: '',
        server: [Object],
        _server: [Object],
        _idleTimeout: 120000,
        _idleNext: [Object],
        _idlePrev: [Object],
        _idleStart: 6087,
        parser: [Object],
        on: [Function: socketOnWrap],
        _paused: false,
        read: [Function],
        _consuming: true,
        _httpMessage: [Circular],
        _peername: [Object] },
     _header: null,
     _headers: { 'x-powered-by': 'Express' },
     _headerNames: { 'x-powered-by': 'X-Powered-By' },
     _onPendingData: [Function: updateOutgoingData],
     req: [Circular],
     locals: [Function: locals] },
  next: [Function: next],
  _startTime: Sat Feb 25 2017 16:40:53 GMT+0800 (中国标准时间),
  _remoteAddress: '::ffff:127.0.0.1',
  body: {},
  originalMethod: 'POST',
  _route_index: 0,
  route: 
   Route {
     path: '/repl',
     method: 'post',
     callbacks: [ [Function] ],
     keys: [],
     regexp: /^\/repl\/?$/i,
     params: [] },
  params: [] }
[90mPOST /repl?name=Link [32m200 [90m31ms - 15b[0m
[INFO] 16:50:19 Restarting
[ERROR] 16:50:20 Error
[INFO] 16:50:44 Restarting
[ERROR] 16:50:44 Error
[INFO] 16:50:59 Restarting
Express server listening on port 18080
[INFO] 16:52:25 Restarting
[ERROR] 16:52:25 Error
[INFO] 16:52:31 Restarting
[ERROR] 16:52:32 SyntaxError
[INFO] 16:52:45 Restarting
[ERROR] 16:52:45 Error
[INFO] 16:53:16 Restarting
[ERROR] 16:53:16 Error
[INFO] 16:54:38 Restarting
Express server listening on port 18080
[90mPOST /sql?sql=select%20*%20from%20user; [31m500 [90m17ms[0m
[INFO] 17:07:30 Restarting
Express server listening on port 18080
[INFO] 17:07:55 Restarting
Express server listening on port 18080
[ERROR] 17:08:00 Error
[INFO] 17:21:49 Restarting
Express server listening on port 18080
[INFO] 17:22:05 Restarting
Express server listening on port 18080
[ RowDataPacket { id: 1, user_name: 'Link', pwd: 'pwd' } ]
[INFO] 17:22:57 Restarting
Express server listening on port 18080
[INFO] 17:22:59 Restarting
Express server listening on port 18080
[90mPOST /sql?sql=select%20*%20from%20user; [31m500 [90m19ms[0m
[ RowDataPacket { id: 1, user_name: 'Link', pwd: 'pwd' } ]
[INFO] 17:23:46 Restarting
Express server listening on port 18080
[INFO] 17:23:48 Restarting
Express server listening on port 18080
[90mPOST /sql?sql=select%20*%20from%20user; [32m200 [90m12ms[0m
