Express server listening on port 18080
Express server listening on port 18080
[90mGET / [32m200 [90m482ms - 170b[0m
[90mGET /stylesheets/style.css [32m200 [90m6ms - 110b[0m
[90mGET /favicon.ico [33m404 [90m2ms[0m
Express server listening on port 18080
Express server listening on port 18080
events.js:160
      throw er; // Unhandled 'error' event
      ^

Error: listen EADDRINUSE :::18080
    at Object.exports._errnoException (util.js:1018:11)
    at exports._exceptionWithHostPort (util.js:1041:20)
    at Server._listen2 (net.js:1258:14)
    at listen (net.js:1294:10)
    at Server.listen (net.js:1390:5)
    at Object.<anonymous> (/root/react/server.js:34:24)
    at Module._compile (module.js:570:32)
    at Object.Module._extensions..js (module.js:579:10)
    at Module.load (module.js:487:32)
    at tryModuleLoad (module.js:446:12)
[90mGET / [36m304 [90m441ms[0m
[90mGET /stylesheets/style.css [36m304 [90m4ms[0m
[90mGET / [36m304 [90m39ms[0m
[90mGET /stylesheets/style.css [36m304 [90m1ms[0m
[90mGET / [36m304 [90m62ms[0m
[90mGET /stylesheets/style.css [36m304 [90m1ms[0m
Express server listening on port 80
[90mGET / [32m200 [90m378ms - 170b[0m
[90mGET /stylesheets/style.css [32m200 [90m8ms - 110b[0m
[90mGET /favicon.ico [33m404 [90m2ms[0m
[90mGET / [32m200 [90m34ms - 170b[0m
[90mGET /stylesheets/style.css [32m200 [90m3ms - 110b[0m
[90mGET /favicon.ico [33m404 [90m0ms[0m
[90mGET / [32m200 [90m40ms - 170b[0m
[90mGET / [32m200 [90m65ms - 170b[0m
[90mGET / [32m200 [90m33ms - 170b[0m
[90mGET / [32m200 [90m22ms - 170b[0m
[90mGET / [32m200 [90m8ms - 170b[0m
[90mGET / [32m200 [90m22ms - 170b[0m
[90mGET / [32m200 [90m24ms - 170b[0m
[90mGET / [32m200 [90m6ms - 170b[0m
[90mGET / [32m200 [90m18ms - 170b[0m
[90mGET / [32m200 [90m15ms - 170b[0m
[90mGET / [32m200 [90m11ms - 170b[0m
[90mGET / [32m200 [90m25ms - 170b[0m
[90mGET / [32m200 [90m11ms - 170b[0m
[90mGET / [32m200 [90m11ms - 170b[0m
[90mGET / [32m200 [90m7ms - 170b[0m
[90mGET / [32m200 [90m6ms - 170b[0m
[90mGET / [32m200 [90m36ms - 170b[0m
[90mGET / [32m200 [90m7ms - 170b[0m
[90mGET / [32m200 [90m4ms - 170b[0m
[90mGET / [32m200 [90m12ms - 170b[0m
[90mGET / [32m200 [90m9ms - 170b[0m
[90mGET / [32m200 [90m13ms - 170b[0m
[90mGET / [32m200 [90m4ms - 170b[0m
[90mGET / [32m200 [90m4ms - 170b[0m
[90mGET /stylesheets/style.css [32m200 [90m6ms - 110b[0m
[90mGET /favicon.ico [33m404 [90m2ms[0m
[90mGET / [32m200 [90m11ms - 170b[0m
[90mGET /stylesheets/style.css [32m200 [90m1ms - 110b[0m
[90mGET / [32m200 [90m14ms - 170b[0m
[90mGET / [32m200 [90m5ms - 170b[0m
[90mGET /stylesheets/style.css [32m200 [90m0ms - 110b[0m
[90mGET / [32m200 [90m5ms - 170b[0m
[90mGET /robots.txt [33m404 [90m5ms[0m
[90mGET / [32m200 [90m10ms - 170b[0m
[90mGET / [32m200 [90m12ms - 170b[0m
[90mGET / [32m200 [90m49ms - 170b[0m
[90mGET / [32m200 [90m6ms - 170b[0m
[90mGET / [32m200 [90m12ms - 170b[0m
[90mGET / [32m200 [90m4ms - 170b[0m
[90mGET / [32m200 [90m6ms - 170b[0m
[90mGET / [32m200 [90m4ms - 170b[0m
[90mGET / [32m200 [90m6ms - 170b[0m
[90mGET / [32m200 [90m5ms - 170b[0m
[90mGET /current_config/Account1 [33m404 [90m9ms[0m
[90mGET / [32m200 [90m33ms - 170b[0m
[90mGET / [32m200 [90m19ms - 170b[0m
[90mGET / [32m200 [90m14ms - 170b[0m
[90mGET / [32m200 [90m18ms - 170b[0m
[90mHEAD /robots.txt [33m404 [90m1ms[0m
[90mGET / [32m200 [90m5ms - 170b[0m
[90mGET / [32m200 [90m3ms - 170b[0m
[90mGET / [32m200 [90m3ms - 170b[0m
[90mGET / [32m200 [90m4ms - 170b[0m
[90mGET /robots.txt [33m404 [90m1ms[0m
[90mGET / [32m200 [90m3ms - 170b[0m
[90mGET / [32m200 [90m2ms - 170b[0m
[90mGET / [32m200 [90m85ms - 170b[0m
[90mGET / [32m200 [90m4ms - 170b[0m
[90mGET / [32m200 [90m14ms - 170b[0m
[90mGET /blog/wp-admin/setup-config.php?step=1 [33m404 [90m10ms[0m
[90mGET /site/wp-admin/setup-config.php?step=1 [33m404 [90m1ms[0m
[90mGET /en/wp-admin/setup-config.php?step=1 [33m404 [90m1ms[0m
[90mGET /site/wp-admin/setup-config.php?step=1 [33m404 [90m0ms[0m
[90mGET /main/wp-admin/setup-config.php?step=1 [33m404 [90m1ms[0m
[90mGET /cms/wp-admin/setup-config.php?step=1 [33m404 [90m0ms[0m
[90mGET /wp/wp-admin/setup-config.php?step=1 [33m404 [90m0ms[0m
[90mGET /wp-admin/setup-config.php?step=1 [33m404 [90m0ms[0m
[90mGET / [32m200 [90m6ms - 170b[0m
[90mGET /stylesheets/style.css [32m200 [90m7ms - 110b[0m
[90mGET /favicon.ico [33m404 [90m0ms[0m
[90mGET /blog/wp-admin/setup-config.php?step=1 [33m404 [90m1ms[0m
[90mGET /wordpress/wp-admin/setup-config.php?step=1 [33m404 [90m0ms[0m
[90mGET /cms/wp-admin/setup-config.php?step=1 [33m404 [90m0ms[0m
[90mGET /wp-admin/setup-config.php?step=1 [33m404 [90m0ms[0m
[90mGET /news/wp-admin/setup-config.php?step=1 [33m404 [90m1ms[0m
[90mGET /wordpress/wp-admin/setup-config.php?step=1 [33m404 [90m0ms[0m
[90mGET /site/wp-admin/setup-config.php?step=1 [33m404 [90m0ms[0m
[90mGET /en/wp-admin/setup-config.php?step=1 [33m404 [90m0ms[0m
[90mGET /test/wp-admin/setup-config.php?step=1 [33m404 [90m1ms[0m
[90mGET /web/wp-admin/setup-config.php?step=1 [33m404 [90m0ms[0m
[90mGET /blog/wp-admin/setup-config.php?step=1 [33m404 [90m0ms[0m
[90mGET /test/wp-admin/setup-config.php?step=1 [33m404 [90m0ms[0m
[90mGET /new/wp-admin/setup-config.php?step=1 [33m404 [90m0ms[0m
[90mGET /site/wp-admin/setup-config.php?step=1 [33m404 [90m0ms[0m
[90mGET /blogs/wp-admin/setup-config.php?step=1 [33m404 [90m0ms[0m
[90mGET /main/wp-admin/setup-config.php?step=1 [33m404 [90m0ms[0m
[90mGET /wp/wp-admin/setup-config.php?step=1 [33m404 [90m2ms[0m
[90mGET /home/wp-admin/setup-config.php?step=1 [33m404 [90m0ms[0m
[90mGET /web/wp-admin/setup-config.php?step=1 [33m404 [90m0ms[0m
[90mGET /home/wp-admin/setup-config.php?step=1 [33m404 [90m0ms[0m
[90mGET /blogs/wp-admin/setup-config.php?step=1 [33m404 [90m0ms[0m
[90mGET /wp/wp-admin/setup-config.php?step=1 [33m404 [90m0ms[0m
[90mGET /cms/wp-admin/setup-config.php?step=1 [33m404 [90m0ms[0m
[90mGET /wp-admin/setup-config.php?step=1 [33m404 [90m1ms[0m
[90mGET /web/wp-admin/setup-config.php?step=1 [33m404 [90m2ms[0m
[90mGET /blogs/wp-admin/setup-config.php?step=1 [33m404 [90m1ms[0m
[90mGET /test/wp-admin/setup-config.php?step=1 [33m404 [90m0ms[0m
[90mGET /wordpress/wp-admin/setup-config.php?step=1 [33m404 [90m0ms[0m
[90mGET /test/wp-admin/setup-config.php?step=1 [33m404 [90m0ms[0m
[90mGET /en/wp-admin/setup-config.php?step=1 [33m404 [90m1ms[0m
[90mGET /home/wp-admin/setup-config.php?step=1 [33m404 [90m1ms[0m
[90mGET /wp-admin/setup-config.php?step=1 [33m404 [90m0ms[0m
[90mGET /new/wp-admin/setup-config.php?step=1 [33m404 [90m0ms[0m
[90mGET /web/wp-admin/setup-config.php?step=1 [33m404 [90m1ms[0m
[90mGET /blog/wp-admin/setup-config.php?step=1 [33m404 [90m0ms[0m
[90mGET /new/wp-admin/setup-config.php?step=1 [33m404 [90m3ms[0m
[90mGET /blog/wp-admin/setup-config.php?step=1 [33m404 [90m0ms[0m
[90mGET /wordpress/wp-admin/setup-config.php?step=1 [33m404 [90m0ms[0m
[90mGET /wordpress/wp-admin/setup-config.php?step=1 [33m404 [90m1ms[0m
[90mGET /main/wp-admin/setup-config.php?step=1 [33m404 [90m0ms[0m
[90mGET /cms/wp-admin/setup-config.php?step=1 [33m404 [90m0ms[0m
[90mGET /wp/wp-admin/setup-config.php?step=1 [33m404 [90m1ms[0m
[90mGET /news/wp-admin/setup-config.php?step=1 [33m404 [90m0ms[0m
[90mGET /home/wp-admin/setup-config.php?step=1 [33m404 [90m1ms[0m
[90mGET /blogs/wp-admin/setup-config.php?step=1 [33m404 [90m1ms[0m
[90mGET /main/wp-admin/setup-config.php?step=1 [33m404 [90m0ms[0m
[90mGET /en/wp-admin/setup-config.php?step=1 [33m404 [90m1ms[0m
[90mGET /wp-admin/setup-config.php?step=1 [33m404 [90m0ms[0m
[90mGET /wp/wp-admin/setup-config.php?step=1 [33m404 [90m6ms[0m
[90mGET /robots.txt [33m404 [90m0ms[0m
[90mGET / [32m200 [90m6ms - 170b[0m
[90mGET / [32m200 [90m3ms - 170b[0m
[90mGET /new/wp-admin/setup-config.php?step=1 [33m404 [90m3ms[0m
[90mGET /test/wp-admin/setup-config.php?step=1 [33m404 [90m0ms[0m
[90mGET /news/wp-admin/setup-config.php?step=1 [33m404 [90m1ms[0m
[90mGET /news/wp-admin/setup-config.php?step=1 [33m404 [90m9ms[0m
[90mGET /cgi/common.cgi [33m404 [90m1ms[0m
[90mGET /stssys.htm [33m404 [90m1ms[0m
[90mGET / [32m200 [90m26ms - 170b[0m
[90mPOST /command.php [33m404 [90m5ms[0m
[90mGET / [32m200 [90m5ms - 170b[0m
[90mGET / [32m200 [90m14ms - 170b[0m
[90mGET / [32m200 [90m2ms - 170b[0m
[90mGET / [32m200 [90m16ms - 170b[0m
[90mGET / [32m200 [90m4ms - 170b[0m
[90mGET /recordings/ [33m404 [90m12ms[0m
[90mGET / [32m200 [90m3ms - 170b[0m
[90mGET /w00tw00t.at.blackhats.romanian.anti-sec:) [33m404 [90m0ms[0m
[90mGET /phpMyAdmin/scripts/setup.php [33m404 [90m0ms[0m
[90mGET /phpmyadmin/scripts/setup.php [33m404 [90m0ms[0m
[90mGET /pma/scripts/setup.php [33m404 [90m0ms[0m
[90mGET /myadmin/scripts/setup.php [33m404 [90m2ms[0m
[90mGET /MyAdmin/scripts/setup.php [33m404 [90m0ms[0m
[90mGET /PMA2012/ [33m404 [90m1ms[0m
[90mGET /pma2012/ [33m404 [90m0ms[0m
[90mGET /PMA2011/ [33m404 [90m0ms[0m
[90mGET /pma2011/ [33m404 [90m1ms[0m
[90mGET /phpmyadmin2/ [33m404 [90m1ms[0m
[90mGET /phpmyadmin3/ [33m404 [90m0ms[0m
[90mGET /phpmyadmin4/ [33m404 [90m1ms[0m
[90mGET /mysqladmin/scripts/setup.php [33m404 [90m0ms[0m
[90mGET /phpMyAdmin/ [33m404 [90m0ms[0m
[90mGET /mysqladmin/ [33m404 [90m1ms[0m
[90mGET /mysql/ [33m404 [90m0ms[0m
[90mGET /db/scripts/setup.php [33m404 [90m0ms[0m
[90mGET /phpMyAdmin-2.11.11.3/scripts/setup.php [33m404 [90m1ms[0m
[90mGET /phpMyAdmin-2.11.11/scripts/setup.php [33m404 [90m1ms[0m
[90mGET /myadmin/ [33m404 [90m1ms[0m
[90mGET /phpMyAdmin-2/scripts/setup.php [33m404 [90m1ms[0m
[90mGET /mysql/scripts/setup.php [33m404 [90m2ms[0m
[90mGET /mysql/admin/ [33m404 [90m0ms[0m
[90mGET /mysql/dbadmin/ [33m404 [90m0ms[0m
[90mGET /mysql/sqlmanager/ [33m404 [90m0ms[0m
[90mGET /phpMyadmin/ [33m404 [90m0ms[0m
[90mGET /phpMyAdmin/ [33m404 [90m0ms[0m
[90mGET /phpmyAdmin/ [33m404 [90m0ms[0m
[90mGET /phpmyadmin2/ [33m404 [90m0ms[0m
[90mGET /phpmyadmin3/ [33m404 [90m0ms[0m
[90mGET /phpmyadmin4/ [33m404 [90m7ms[0m
[90mGET /2phpmyadmin/ [33m404 [90m0ms[0m
[90mGET /phpmy/ [33m404 [90m1ms[0m
[90mGET /phppma/ [33m404 [90m1ms[0m
[90mGET /myadmin/ [33m404 [90m0ms[0m
[90mGET /shopdb/ [33m404 [90m0ms[0m
[90mGET /MyAdmin/ [33m404 [90m0ms[0m
[90mGET /program/ [33m404 [90m0ms[0m
[90mGET /PMA/ [33m404 [90m0ms[0m
[90mGET /dbadmin/ [33m404 [90m0ms[0m
[90mGET /pma/ [33m404 [90m0ms[0m
[90mGET /db/ [33m404 [90m1ms[0m
[90mGET /admin/ [33m404 [90m1ms[0m
[90mGET /mysql/ [33m404 [90m0ms[0m
[90mGET /database/ [33m404 [90m1ms[0m
[90mGET /db/phpmyadmin/ [33m404 [90m0ms[0m
[90mGET /db/phpMyAdmin/ [33m404 [90m1ms[0m
[90mGET /sqlmanager/ [33m404 [90m0ms[0m
[90mGET /mysqlmanager/ [33m404 [90m0ms[0m
[90mGET /php-myadmin/ [33m404 [90m11ms[0m
[90mGET /phpmy-admin/ [33m404 [90m1ms[0m
[90mGET /mysqladmin/ [33m404 [90m4ms[0m
[90mGET /mysql-admin/ [33m404 [90m0ms[0m
[90mGET /admin/phpmyadmin/ [33m404 [90m4ms[0m
[90mGET /admin/phpMyAdmin/ [33m404 [90m0ms[0m
[90mGET /admin/sysadmin/ [33m404 [90m0ms[0m
[90mGET /admin/sqladmin/ [33m404 [90m0ms[0m
[90mGET /admin/db/ [33m404 [90m1ms[0m
[90mGET /admin/web/ [33m404 [90m0ms[0m
[90mGET /admin/pMA/ [33m404 [90m0ms[0m
[90mGET /mysql/pma/ [33m404 [90m0ms[0m
[90mGET /mysql/db/ [33m404 [90m0ms[0m
[90mGET /mysql/web/ [33m404 [90m1ms[0m
[90mGET /mysql/pMA/ [33m404 [90m0ms[0m
[90mGET /sql/phpmanager/ [33m404 [90m0ms[0m
[90mGET /sql/php-myadmin/ [33m404 [90m0ms[0m
[90mGET /sql/phpmy-admin/ [33m404 [90m1ms[0m
[90mGET /sql/sql/ [33m404 [90m0ms[0m
[90mGET /sql/myadmin/ [33m404 [90m1ms[0m
[90mGET /sql/webadmin/ [33m404 [90m2ms[0m
[90mGET /sql/sqlweb/ [33m404 [90m1ms[0m
[90mGET /sql/websql/ [33m404 [90m1ms[0m
[90mGET /sql/webdb/ [33m404 [90m0ms[0m
[90mGET /sql/sqladmin/ [33m404 [90m0ms[0m
[90mGET /sql/sql-admin/ [33m404 [90m0ms[0m
[90mGET /sql/phpmyadmin2/ [33m404 [90m0ms[0m
[90mGET /sql/phpMyAdmin2/ [33m404 [90m1ms[0m
[90mGET /sql/phpMyAdmin/ [33m404 [90m0ms[0m
[90mGET /db/myadmin/ [33m404 [90m0ms[0m
[90mGET /db/webadmin/ [33m404 [90m1ms[0m
[90mGET /db/dbweb/ [33m404 [90m1ms[0m
[90mGET /db/websql/ [33m404 [90m0ms[0m
[90mGET /db/webdb/ [33m404 [90m1ms[0m
[90mGET /db/dbadmin/ [33m404 [90m0ms[0m
[90mGET /db/db-admin/ [33m404 [90m0ms[0m
[90mGET /db/phpmyadmin3/ [33m404 [90m0ms[0m
[90mGET /db/phpMyAdmin3/ [33m404 [90m0ms[0m
[90mGET /db/phpMyAdmin-3/ [33m404 [90m2ms[0m
[90mGET /administrator/phpmyadmin/ [33m404 [90m1ms[0m
[90mGET /administrator/phpMyAdmin/ [33m404 [90m0ms[0m
[90mGET /administrator/db/ [33m404 [90m0ms[0m
[90mGET /administrator/web/ [33m404 [90m2ms[0m
[90mGET /administrator/pma/ [33m404 [90m0ms[0m
[90mGET /administrator/PMA/ [33m404 [90m0ms[0m
[90mGET /administrator/admin/ [33m404 [90m1ms[0m
[90mGET /phpMyAdmin2/ [33m404 [90m0ms[0m
[90mGET /phpMyAdmin3/ [33m404 [90m0ms[0m
[90mGET /phpMyAdmin4/ [33m404 [90m0ms[0m
[90mGET /phpMyAdmin-3/ [33m404 [90m1ms[0m
[90mGET /php-my-admin/ [33m404 [90m0ms[0m
[90mGET /PMA2012/ [33m404 [90m0ms[0m
[90mGET /pma2012/ [33m404 [90m0ms[0m
[90mGET /PMA2011/ [33m404 [90m1ms[0m
[90mGET /pma2011/ [33m404 [90m0ms[0m
[90mGET /phpmanager/ [33m404 [90m0ms[0m
[90mGET /administrator/phpMyAdmin/ [33m404 [90m1ms[0m
[90mGET /phpMyAdmin/scripts/setup.php [33m404 [90m0ms[0m
[90mGET /phpmyadmin/scripts/setup.php [33m404 [90m0ms[0m
[90mGET /pma/scripts/setup.php [33m404 [90m0ms[0m
[90mGET /myadmin/scripts/setup.php [33m404 [90m2ms[0m
[90mGET /MyAdmin/scripts/setup.php [33m404 [90m0ms[0m
[90mGET /scripts/setup.php [33m404 [90m0ms[0m
[90mGET /admin/scripts/setup.php [33m404 [90m0ms[0m
[90mGET /admin/pma/scripts/setup.php [33m404 [90m0ms[0m
[90mGET /admin/phpmyadmin/scripts/setup.php [33m404 [90m0ms[0m
[90mGET /db/scripts/setup.php [33m404 [90m0ms[0m
[90mGET /dbadmin/scripts/setup.php [33m404 [90m1ms[0m
[90mGET /mysql/scripts/setup.php [33m404 [90m1ms[0m
[90mGET /mysqladmin/scripts/setup.php [33m404 [90m0ms[0m
[90mGET /web/phpMyAdmin/scripts/setup.php [33m404 [90m0ms[0m
[90mGET /web/scripts/setup.php [33m404 [90m0ms[0m
[90mGET /_phpmyadmin/scripts/setup.php [33m404 [90m3ms[0m
[90mGET /administrator/phpmyadmin/scripts/setup.php [33m404 [90m1ms[0m
[90mGET /administrator/scripts/setup.php [33m404 [90m0ms[0m
[90mGET /tmUnblock.cgi [33m404 [90m1ms[0m
[90mGET /cgi?2 [33m404 [90m0ms[0m
[90mGET /hndUnblock.cgi [33m404 [90m0ms[0m
[90mGET /recordings/index.php [33m404 [90m0ms[0m
[90mGET /cgi/common.cgi [33m404 [90m1ms[0m
[90mGET /manager/html [33m404 [90m1ms[0m
[90mGET /cgi/common.cgi [33m404 [90m0ms[0m
[90mGET /stssys.htm [33m404 [90m0ms[0m
[90mGET /command.php [33m404 [90m0ms[0m
[90mGET /plugins/weathermap/editor.php [33m404 [90m1ms[0m
[90mGET /robots.txt [33m404 [90m1ms[0m
[90mGET /apps/ippbx/recordings/recordings.php [33m404 [90m0ms[0m
[90mGET /CFIDE/administrator/ [33m404 [90m1ms[0m
[90mGET /favicon.ico [33m404 [90m0ms[0m
[90mGET /current_config/Account1 [33m404 [90m0ms[0m
[90mGET /phpMyAdmin-2.10.0.0/scripts/setup.php [33m404 [90m0ms[0m
[90mGET /phpMyAdmin-2.10.0.1/scripts/setup.php [33m404 [90m1ms[0m
[90mGET /phpMyAdmin-2.10.0.2/scripts/setup.php [33m404 [90m0ms[0m
[90mGET /phpMyAdmin-2.10.0/scripts/setup.php [33m404 [90m1ms[0m
[90mGET /phpMyAdmin-2.10.1.0/scripts/setup.php [33m404 [90m0ms[0m
[90mGET /phpMyAdmin-2.10.2.0/scripts/setup.php [33m404 [90m0ms[0m
[90mGET /phpMyAdmin-2.11.0.0/scripts/setup.php [33m404 [90m0ms[0m
[90mGET /phpMyAdmin-2.11.1-all-languages/scripts/setup.php [33m404 [90m0ms[0m
[90mGET /phpMyAdmin-2.11.1.0/scripts/setup.php [33m404 [90m0ms[0m
[90mGET /phpMyAdmin-2.11.1.1/scripts/setup.php [33m404 [90m0ms[0m
[90mGET /phpMyAdmin-2.11.1.2/scripts/setup.php [33m404 [90m0ms[0m
[90mGET /phpMyAdmin-2.6.1-pl2/scripts/setup.php [33m404 [90m1ms[0m
[90mGET /phpMyAdmin-2.6.1-pl3/scripts/setup.php [33m404 [90m1ms[0m
[90mGET /phpMyAdmin-2.6.4-pl3/scripts/setup.php [33m404 [90m0ms[0m
[90mGET /phpMyAdmin-2.6.4-pl4/scripts/setup.php [33m404 [90m0ms[0m
[90mGET /phpMyAdmin-2.6.4-rc1/scripts/setup.php [33m404 [90m1ms[0m
[90mGET /phpMyAdmin-2.6.5/scripts/setup.php [33m404 [90m0ms[0m
[90mGET /phpMyAdmin-2.6.6/scripts/setup.php [33m404 [90m0ms[0m
[90mGET /phpMyAdmin-2.6.9/scripts/setup.php [33m404 [90m0ms[0m
[90mGET /phpMyAdmin-2.7.0-beta1/scripts/setup.php [33m404 [90m0ms[0m
[90mGET /phpMyAdmin-2.7.0-pl1/scripts/setup.php [33m404 [90m1ms[0m
[90mGET /phpMyAdmin-2.7.0-pl2/scripts/setup.php [33m404 [90m0ms[0m
[90mGET /phpMyAdmin-2.7.0-rc1/scripts/setup.php [33m404 [90m1ms[0m
[90mGET /phpMyAdmin-2.7.5/scripts/setup.php [33m404 [90m0ms[0m
[90mGET /phpMyAdmin-2.7.6/scripts/setup.php [33m404 [90m1ms[0m
[90mGET /phpMyAdmin-2.7.7/scripts/setup.php [33m404 [90m0ms[0m
[90mGET /phpMyAdmin-2.8.2.3/scripts/setup.php [33m404 [90m1ms[0m
[90mGET /phpMyAdmin-2.8.2/scripts/setup.php [33m404 [90m1ms[0m
[90mGET /phpMyAdmin-2.8.3/scripts/setup.php [33m404 [90m0ms[0m
[90mGET /phpMyAdmin-2.8.4/scripts/setup.php [33m404 [90m0ms[0m
[90mGET /phpMyAdmin-2.8.5/scripts/setup.php [33m404 [90m0ms[0m
[90mGET /phpMyAdmin-2.8.6/scripts/setup.php [33m404 [90m0ms[0m
[90mGET /phpMyAdmin-2.8.7/scripts/setup.php [33m404 [90m0ms[0m
[90mGET /phpMyAdmin-2.8.8/scripts/setup.php [33m404 [90m0ms[0m
[90mGET /phpMyAdmin-2.8.9/scripts/setup.php [33m404 [90m0ms[0m
[90mGET /phpMyAdmin-2.9.0-rc1/scripts/setup.php [33m404 [90m0ms[0m
[90mGET /phpMyAdmin-2.9.0.1/scripts/setup.php [33m404 [90m1ms[0m
[90mGET /phpMyAdmin-2.9.0.2/scripts/setup.php [33m404 [90m0ms[0m
[90mGET /phpMyAdmin-2.9.0/scripts/setup.php [33m404 [90m0ms[0m
[90mGET /phpMyAdmin-2.9.1/scripts/setup.php [33m404 [90m0ms[0m
[90mGET /phpMyAdmin-2.9.2/scripts/setup.php [33m404 [90m0ms[0m
[90mGET /phpMyAdmin-2/scripts/setup.php [33m404 [90m1ms[0m
[90mGET /phpMyAdmin-3.0.0-rc1-english/scripts/setup.php [33m404 [90m0ms[0m
[90mGET /phpMyAdmin-3.0.0.0-all-languages/scripts/setup.php [33m404 [90m0ms[0m
[90mGET /phpMyAdmin-3.0.1.0-english/scripts/setup.php [33m404 [90m0ms[0m
[90mGET /phpMyAdmin-3.0.1.0/scripts/setup.php [33m404 [90m0ms[0m
[90mGET /phpMyAdmin-3.0.1.1/scripts/setup.php [33m404 [90m0ms[0m
[90mGET /phpMyAdmin-3.1.0.0-english/scripts/setup.php [33m404 [90m0ms[0m
[90mGET /phpMyAdmin-3.1.0.0/scripts/setup.php [33m404 [90m0ms[0m
[90mGET /phpMyAdmin-3.1.1.0-all-languages/scripts/setup.php [33m404 [90m0ms[0m
[90mGET /phpMyAdmin-3.1.2.0-all-languages/scripts/setup.php [33m404 [90m0ms[0m
[90mGET /phpMyAdmin-3.1.2.0-english/scripts/setup.php [33m404 [90m0ms[0m
[90mGET /phpMyAdmin-3.1.2.0/scripts/setup.php [33m404 [90m0ms[0m
[90mGET /phpMyAdmin-3.4.3.1/scripts/setup.php [33m404 [90m1ms[0m
[90mGET /phpMyAdmin2/scripts/setup.php [33m404 [90m0ms[0m
[90mGET /phpMyAdmin3/scripts/setup.php [33m404 [90m1ms[0m
[90mGET /administrator/components/com_joommyadmin/phpmyadmin/scripts/setup.php [33m404 [90m0ms[0m
[90mGET /apache-default/phpmyadmin/scripts/setup.php [33m404 [90m0ms[0m
[90mGET /scripts/setup.php [33m404 [90m1ms[0m
[90mGET /robots.txt [33m404 [90m0ms[0m
[90mGET / [32m200 [90m4ms - 170b[0m
[90mGET /stylesheets/style.css [32m200 [90m12ms - 110b[0m
[90mGET / [32m200 [90m40ms - 170b[0m
[90mGET / [32m200 [90m43ms - 170b[0m
[90mGET / [32m200 [90m3ms - 170b[0m
[90mGET /robots.txt [33m404 [90m1ms[0m
[90mGET / [32m200 [90m8ms - 170b[0m
[90mGET / [32m200 [90m2ms - 170b[0m
[90mGET / [32m200 [90m15ms - 170b[0m
[90mGET /x [33m404 [90m10ms[0m
[90mGET /current_config/Account1 [33m404 [90m7ms[0m
[90mGET / [32m200 [90m12ms - 170b[0m
[90mGET /robots.txt [33m404 [90m0ms[0m
[90mGET / [32m200 [90m4ms - 170b[0m
[90mGET /stylesheets/style.css [32m200 [90m10ms - 110b[0m
[90mGET / [32m200 [90m3ms - 170b[0m
[90mGET / [32m200 [90m4ms - 170b[0m
[90mGET / [32m200 [90m3ms - 170b[0m
[90mGET / [32m200 [90m7ms - 170b[0m
[90mGET / [32m200 [90m23ms - 170b[0m
[90mGET / [32m200 [90m3ms - 170b[0m
[90mGET / [32m200 [90m5ms - 170b[0m
[90mGET / [32m200 [90m6ms - 170b[0m
[90mGET / [32m200 [90m3ms - 170b[0m
[90mGET / [32m200 [90m6ms - 170b[0m
[90mGET / [32m200 [90m7ms - 170b[0m
[90mGET / [32m200 [90m2ms - 170b[0m
[90mGET / [32m200 [90m8ms - 170b[0m
[90mGET / [32m200 [90m2ms - 170b[0m
[90mGET /stylesheets/style.css [32m200 [90m2ms - 110b[0m
[90mGET / [32m200 [90m3ms - 170b[0m
[90mGET /CFIDE/administrator/ [33m404 [90m1ms[0m
[90mGET / [32m200 [90m4ms - 170b[0m
[90mGET /current_config/Account1 [33m404 [90m0ms[0m
[90mGET /robots.txt [33m404 [90m0ms[0m
[90mGET / [32m200 [90m3ms - 170b[0m
[90mGET / [32m200 [90m19ms - 170b[0m
[90mGET / [32m200 [90m16ms - 170b[0m
[90mGET / [32m200 [90m36ms - 170b[0m
[90mGET http://cn.bing.com/ [32m200 [90m10ms - 170b[0m
[90mGET / [32m200 [90m3ms - 170b[0m
[90mGET /test/wp-admin/setup-config.php?step=1 [33m404 [90m2ms[0m
[90mGET / [32m200 [90m3ms - 170b[0m
[90mGET /robots.txt [33m404 [90m0ms[0m
[90mGET /sitemap.xml [33m404 [90m1ms[0m
[90mGET / [32m200 [90m3ms - 170b[0m
[90mGET / [32m200 [90m2ms - 170b[0m
[90mGET /hndUnblock.cgi [33m404 [90m1ms[0m
[90mGET /tmUnblock.cgi [33m404 [90m0ms[0m
[90mGET / [32m200 [90m2ms - 170b[0m
[90mGET / [32m200 [90m26ms - 170b[0m
[90mGET / [32m200 [90m4ms - 170b[0m
[90mGET / [32m200 [90m2ms - 170b[0m
[90mGET /stylesheets/style.css [32m200 [90m11ms - 110b[0m
[90mGET /stylesheets/style.css [32m200 [90m1ms - 110b[0m
[90mGET /stylesheets/style.css [32m200 [90m2ms - 110b[0m
[90mGET /stylesheets/style.css [32m200 [90m1ms - 110b[0m
[90mGET / [32m200 [90m4ms - 170b[0m
[90mGET /stylesheets/style.css [32m200 [90m0ms - 110b[0m
[90mGET / [32m200 [90m6ms - 170b[0m
[90mGET / [32m200 [90m28ms - 170b[0m
[90mGET / [32m200 [90m4ms - 170b[0m
[90mGET / [32m200 [90m3ms - 170b[0m
[90mGET / [32m200 [90m3ms - 170b[0m
[90mGET / [32m200 [90m143ms - 170b[0m
[90mGET / [32m200 [90m3ms - 170b[0m
[90mGET /robots.txt [33m404 [90m10ms[0m
[90mGET / [32m200 [90m3ms - 170b[0m
[90mGET / [32m200 [90m5ms - 170b[0m
[90mGET / [32m200 [90m31ms - 170b[0m
[90mGET / [32m200 [90m27ms - 170b[0m
[90mGET / [32m200 [90m10ms - 170b[0m
[90mGET /robots.txt [33m404 [90m1ms[0m
[90mGET / [32m200 [90m8ms - 170b[0m
[90mGET / [32m200 [90m3ms - 170b[0m
[90mGET / [32m200 [90m3ms - 170b[0m
[90mGET /robots.txt [33m404 [90m1ms[0m
[90mGET / [32m200 [90m15ms - 170b[0m
[90mGET / [32m200 [90m3ms - 170b[0m
[90mGET / [32m200 [90m6ms - 170b[0m
[90mGET /robots.txt [33m404 [90m0ms[0m
[90mGET / [32m200 [90m4ms - 170b[0m
[90mGET / [32m200 [90m3ms - 170b[0m
[90mGET / [32m200 [90m3ms - 170b[0m
[90mGET / [32m200 [90m6ms - 170b[0m
[90mGET / [32m200 [90m4ms - 170b[0m
[90mGET / [32m200 [90m18ms - 170b[0m
[90mGET / [32m200 [90m12ms - 170b[0m
[90mHEAD http://180.163.113.82/check_proxy [33m404 [90m6ms[0m
[90mGET / [32m200 [90m4ms - 170b[0m
[90mGET / [32m200 [90m8ms - 170b[0m
[90mGET / [32m200 [90m3ms - 170b[0m
[90mGET / [32m200 [90m8ms - 170b[0m
[90mGET /current_config/Account1 [33m404 [90m1ms[0m
[90mGET / [32m200 [90m78ms - 170b[0m
[90mGET / [32m200 [90m2ms - 170b[0m
[90mGET / [32m200 [90m2ms - 170b[0m
[90mGET / [32m200 [90m7ms - 170b[0m
[90mGET / [32m200 [90m3ms - 170b[0m
[90mGET / [32m200 [90m7ms - 170b[0m
[90mGET /muieblackcat [33m404 [90m4ms[0m
[90mGET //phpmyadmin/scripts/setup.php [33m404 [90m1ms[0m
[90mGET //phpMyAdmin/scripts/setup.php [33m404 [90m1ms[0m
[90mGET //mysqladmin/scripts/setup.php [33m404 [90m1ms[0m
[90mGET //PMA2012/ [33m404 [90m1ms[0m
[90mGET //pma2012/ [33m404 [90m0ms[0m
[90mGET //phpmyadmin3/ [33m404 [90m1ms[0m
[90mGET //phpmyadmin4 [33m404 [90m0ms[0m
[90mGET / [32m200 [90m11ms - 170b[0m
[90mGET /robots.txt [33m404 [90m1ms[0m
[90mGET / [32m200 [90m31ms - 170b[0m
[90mGET / [32m200 [90m3ms - 170b[0m
[90mGET /cgi/common.cgi [33m404 [90m0ms[0m
[90mGET /stssys.htm [33m404 [90m0ms[0m
[90mGET / [32m200 [90m4ms - 170b[0m
[90mPOST /command.php [33m404 [90m11ms[0m
[90mPROPFIND / [33m404 [90m1ms[0m
[90mPROPFIND / [33m404 [90m0ms[0m
[90mGET /robots.txt [33m404 [90m0ms[0m
[90mGET / [32m200 [90m7ms - 170b[0m
[90mGET / [32m200 [90m4ms - 170b[0m
[90mGET / [32m200 [90m3ms - 170b[0m
[90mGET / [32m200 [90m3ms - 170b[0m
[90mGET / [32m200 [90m4ms - 170b[0m
[90mGET / [32m200 [90m15ms - 170b[0m
[90mGET / [32m200 [90m7ms - 170b[0m
[90mGET / [32m200 [90m3ms - 170b[0m
[90mGET / [32m200 [90m3ms - 170b[0m
[90mGET / [32m200 [90m3ms - 170b[0m
[90mGET //a2billing/common/javascript/misc.js [33m404 [90m5ms[0m
[90mGET //a2billing/common/javascript/misc.js [33m404 [90m0ms[0m
[90mGET /manager/html [33m404 [90m1ms[0m
[90mGET / [32m200 [90m6ms - 170b[0m
[90mGET / [32m200 [90m4ms - 170b[0m
[90mGET / [32m200 [90m3ms - 170b[0m
[90mGET / [32m200 [90m3ms - 170b[0m
[90mGET / [32m200 [90m35ms - 170b[0m
[90mGET /robots.txt [33m404 [90m1ms[0m
[90mGET / [32m200 [90m4ms - 170b[0m
[90mGET / [32m200 [90m5ms - 170b[0m
[90mGET /CFIDE/administrator/ [33m404 [90m3ms[0m
[90mGET /userlogin/login.aspix?id=1%27and%201=2 [33m404 [90m1ms[0m
[90mGET /phpmyadmin/scripts/setup.php [33m404 [90m0ms[0m
[90mGET /phpmyadmin [33m404 [90m1ms[0m
[90mGET /phpmyadmin [33m404 [90m1ms[0m
[90mGET /current_config/Account1 [33m404 [90m1ms[0m
[90mGET /phpmyadmin%20 [33m404 [90m0ms[0m
[90mGET / [32m200 [90m6ms - 170b[0m
[90mGET / [32m200 [90m4ms - 170b[0m
[90mGET / [32m200 [90m6ms - 170b[0m
[90mGET /robots.txt [33m404 [90m1ms[0m
[90mGET / [32m200 [90m3ms - 170b[0m
[90mGET /stylesheets/style.css [32m200 [90m19ms - 110b[0m
[90mGET / [32m200 [90m26ms - 170b[0m
[90mGET / [32m200 [90m5ms - 170b[0m
[90mGET /userlogin/login.aspx?id=1%27and%201=2 [33m404 [90m3ms[0m
[90mGET / [32m200 [90m3ms - 170b[0m
[90mGET /robots.txt [33m404 [90m0ms[0m
[90mGET / [32m200 [90m5ms - 170b[0m
[90mGET / [32m200 [90m3ms - 170b[0m
[90mGET / [32m200 [90m24ms - 170b[0m
[90mGET /robots.txt [33m404 [90m0ms[0m
[90mGET / [32m200 [90m3ms - 170b[0m
[90mGET / [32m200 [90m4ms - 170b[0m
[90mGET / [32m200 [90m2ms - 170b[0m
[90mGET / [32m200 [90m3ms - 170b[0m
[90mGET / [32m200 [90m3ms - 170b[0m
[90mGET / [32m200 [90m6ms - 170b[0m
[90mGET / [32m200 [90m4ms - 170b[0m
[90mGET /x [33m404 [90m19ms[0m
[90mGET /robots.txt [33m404 [90m1ms[0m
[90mGET / [32m200 [90m32ms - 170b[0m
[90mGET / [32m200 [90m3ms - 170b[0m
[90mGET /hndUnblock.cgi [33m404 [90m1ms[0m
[90mGET /tmUnblock.cgi [33m404 [90m3ms[0m
[90mGET /robots.txt [33m404 [90m0ms[0m
[90mGET / [32m200 [90m4ms - 170b[0m
[90mGET / [32m200 [90m3ms - 170b[0m
[90mGET / [32m200 [90m18ms - 170b[0m
[90mGET / [32m200 [90m3ms - 170b[0m
[90mGET / [32m200 [90m4ms - 170b[0m
[90mGET /userlogin/login.aspx [33m404 [90m22ms[0m
[90mGET /userlogin/login.aspx [33m404 [90m0ms[0m
[90mGET /current_config/Account1 [33m404 [90m1ms[0m
[90mGET / [32m200 [90m4ms - 170b[0m
[90mGET / [32m200 [90m2ms - 170b[0m
[90mGET /robots.txt [33m404 [90m0ms[0m
[90mGET / [32m200 [90m4ms - 170b[0m
[90mGET / [32m200 [90m4ms - 170b[0m
[90mGET / [32m200 [90m3ms - 170b[0m
[90mGET /HNAP1/ [33m404 [90m3ms[0m
[90mGET /phpMyAdmin [33m404 [90m0ms[0m
[90mGET /phpMyAdmin [33m404 [90m1ms[0m
[90mGET / [32m200 [90m29ms - 170b[0m
[90mGET / [32m200 [90m3ms - 170b[0m
[90mGET / [32m200 [90m7ms - 170b[0m
[90mGET /CFIDE/administrator/ [33m404 [90m30ms[0m
[90mGET /robots.txt [33m404 [90m2ms[0m
[90mGET / [32m200 [90m7ms - 170b[0m
[90mGET / [32m200 [90m4ms - 170b[0m
[90mGET /CFIDE/administrator/ [33m404 [90m1ms[0m
[90mGET /robots.txt [33m404 [90m3ms[0m
[90mGET / [32m200 [90m3ms - 170b[0m
[90mGET / [32m200 [90m4ms - 170b[0m
[90mGET /index.action [33m404 [90m0ms[0m
[90mGET / [32m200 [90m3ms - 170b[0m
[90mGET / [32m200 [90m3ms - 170b[0m
[90mGET /robots.txt [33m404 [90m0ms[0m
[90mGET / [32m200 [90m68ms - 170b[0m
[90mGET /stylesheets/style.css [32m200 [90m13ms - 110b[0m
[90mGET / [32m200 [90m7ms - 170b[0m
[90mGET / [32m200 [90m7ms - 170b[0m
[90mGET / [32m200 [90m17ms - 170b[0m
[90mGET / [32m200 [90m3ms - 170b[0m
[90mHEAD / [32m200 [90m5ms - 170b[0m
[90mGET / [32m200 [90m6ms - 170b[0m
[90mGET /index.htm [33m404 [90m3ms[0m
[90mGET / [32m200 [90m8ms - 170b[0m
[90mGET / [32m200 [90m3ms - 170b[0m
[90mGET / [32m200 [90m4ms - 170b[0m
[90mGET / [32m200 [90m7ms - 170b[0m
[90mGET / [32m200 [90m2ms - 170b[0m
[90mGET /cgi/common.cgi [33m404 [90m17ms[0m
[90mGET /stssys.htm [33m404 [90m1ms[0m
[90mGET / [32m200 [90m52ms - 170b[0m
[90mPOST /command.php [33m404 [90m10ms[0m
[90mGET /robots.txt [33m404 [90m1ms[0m
[90mGET / [32m200 [90m3ms - 170b[0m
[90mGET / [32m200 [90m10ms - 170b[0m
[90mGET / [32m200 [90m2ms - 170b[0m
[90mHEAD http://104.194.77.17:80/mysql/admin/ [33m404 [90m2ms[0m
[90mHEAD http://104.194.77.17:80/mysql/dbadmin/ [33m404 [90m0ms[0m
[90mHEAD http://104.194.77.17:80/mysql/sqlmanager/ [33m404 [90m0ms[0m
[90mHEAD http://104.194.77.17:80/mysql/mysqlmanager/ [33m404 [90m1ms[0m
[90mHEAD http://104.194.77.17:80/phpmyadmin/ [33m404 [90m0ms[0m
[90mHEAD http://104.194.77.17:80/phpMyadmin/ [33m404 [90m0ms[0m
[90mHEAD http://104.194.77.17:80/phpMyAdmin/ [33m404 [90m1ms[0m
[90mHEAD http://104.194.77.17:80/phpmyAdmin/ [33m404 [90m0ms[0m
[90mHEAD http://104.194.77.17:80/phpmyadmin2/ [33m404 [90m0ms[0m
[90mHEAD http://104.194.77.17:80/phpmyadmin3/ [33m404 [90m1ms[0m
[90mHEAD http://104.194.77.17:80/phpmyadmin4/ [33m404 [90m0ms[0m
[90mHEAD http://104.194.77.17:80/2phpmyadmin/ [33m404 [90m0ms[0m
[90mHEAD http://104.194.77.17:80/wp-content/plugins/portable-phpmyadmin/wp-pma-mod/ [33m404 [90m1ms[0m
[90mHEAD http://104.194.77.17:80/phpmy/ [33m404 [90m0ms[0m
[90mHEAD http://104.194.77.17:80/phppma/ [33m404 [90m1ms[0m
[90mHEAD http://104.194.77.17:80/myadmin/ [33m404 [90m0ms[0m
[90mHEAD http://104.194.77.17:80/shopdb/ [33m404 [90m1ms[0m
[90mHEAD http://104.194.77.17:80/MyAdmin/ [33m404 [90m0ms[0m
[90mHEAD http://104.194.77.17:80/program/ [33m404 [90m1ms[0m
[90mHEAD http://104.194.77.17:80/PMA/ [33m404 [90m0ms[0m
[90mHEAD http://104.194.77.17:80/dbadmin/ [33m404 [90m0ms[0m
[90mHEAD http://104.194.77.17:80/pma/ [33m404 [90m1ms[0m
[90mHEAD http://104.194.77.17:80/db/ [33m404 [90m1ms[0m
[90mHEAD http://104.194.77.17:80/admin/ [33m404 [90m0ms[0m
[90mHEAD http://104.194.77.17:80/mysql/ [33m404 [90m1ms[0m
[90mHEAD http://104.194.77.17:80/database/ [33m404 [90m0ms[0m
[90mHEAD http://104.194.77.17:80/db/phpmyadmin/ [33m404 [90m3ms[0m
[90mHEAD http://104.194.77.17:80/db/phpMyAdmin/ [33m404 [90m1ms[0m
[90mHEAD http://104.194.77.17:80/sqlmanager/ [33m404 [90m0ms[0m
[90mHEAD http://104.194.77.17:80/mysqlmanager/ [33m404 [90m1ms[0m
[90mHEAD http://104.194.77.17:80/php-myadmin/ [33m404 [90m0ms[0m
[90mHEAD http://104.194.77.17:80/phpmy-admin/ [33m404 [90m0ms[0m
[90mHEAD http://104.194.77.17:80/mysqladmin/ [33m404 [90m0ms[0m
[90mHEAD http://104.194.77.17:80/mysql-admin/ [33m404 [90m0ms[0m
[90mHEAD http://104.194.77.17:80/admin/phpmyadmin/ [33m404 [90m9ms[0m
[90mHEAD http://104.194.77.17:80/admin/phpMyAdmin/ [33m404 [90m0ms[0m
[90mHEAD http://104.194.77.17:80/admin/sysadmin/ [33m404 [90m0ms[0m
[90mHEAD http://104.194.77.17:80/admin/sqladmin/ [33m404 [90m3ms[0m
[90mHEAD http://104.194.77.17:80/admin/db/ [33m404 [90m1ms[0m
[90mHEAD http://104.194.77.17:80/admin/web/ [33m404 [90m1ms[0m
[90mHEAD http://104.194.77.17:80/admin/pMA/ [33m404 [90m0ms[0m
[90mHEAD http://104.194.77.17:80/mysql/pma/ [33m404 [90m0ms[0m
[90mHEAD http://104.194.77.17:80/mysql/db/ [33m404 [90m1ms[0m
[90mHEAD http://104.194.77.17:80/mysql/web/ [33m404 [90m0ms[0m
[90mHEAD http://104.194.77.17:80/mysql/pMA/ [33m404 [90m0ms[0m
[90mHEAD http://104.194.77.17:80/sql/phpmanager/ [33m404 [90m1ms[0m
[90mHEAD http://104.194.77.17:80/sql/php-myadmin/ [33m404 [90m0ms[0m
[90mHEAD http://104.194.77.17:80/sql/phpmy-admin/ [33m404 [90m0ms[0m
[90mHEAD http://104.194.77.17:80/sql/sql/ [33m404 [90m0ms[0m
[90mHEAD http://104.194.77.17:80/sql/myadmin/ [33m404 [90m0ms[0m
[90mHEAD http://104.194.77.17:80/sql/webadmin/ [33m404 [90m0ms[0m
[90mHEAD http://104.194.77.17:80/sql/sqlweb/ [33m404 [90m1ms[0m
[90mHEAD http://104.194.77.17:80/sql/websql/ [33m404 [90m0ms[0m
[90mHEAD http://104.194.77.17:80/sql/webdb/ [33m404 [90m1ms[0m
[90mHEAD http://104.194.77.17:80/sql/sqladmin/ [33m404 [90m4ms[0m
[90mHEAD http://104.194.77.17:80/sql/sql-admin/ [33m404 [90m0ms[0m
[90mHEAD http://104.194.77.17:80/sql/phpmyadmin2/ [33m404 [90m1ms[0m
[90mHEAD http://104.194.77.17:80/sql/phpMyAdmin2/ [33m404 [90m0ms[0m
[90mHEAD http://104.194.77.17:80/sql/phpMyAdmin/ [33m404 [90m3ms[0m
[90mHEAD http://104.194.77.17:80/db/myadmin/ [33m404 [90m0ms[0m
[90mHEAD http://104.194.77.17:80/db/webadmin/ [33m404 [90m1ms[0m
[90mHEAD http://104.194.77.17:80/db/dbweb/ [33m404 [90m0ms[0m
[90mHEAD http://104.194.77.17:80/db/websql/ [33m404 [90m0ms[0m
[90mHEAD http://104.194.77.17:80/db/webdb/ [33m404 [90m0ms[0m
[90mHEAD http://104.194.77.17:80/db/dbadmin/ [33m404 [90m1ms[0m
[90mHEAD http://104.194.77.17:80/db/db-admin/ [33m404 [90m0ms[0m
[90mHEAD http://104.194.77.17:80/db/phpmyadmin3/ [33m404 [90m0ms[0m
[90mHEAD http://104.194.77.17:80/db/phpMyAdmin3/ [33m404 [90m1ms[0m
[90mHEAD http://104.194.77.17:80/db/phpMyAdmin-3/ [33m404 [90m0ms[0m
[90mHEAD http://104.194.77.17:80/administrator/phpmyadmin/ [33m404 [90m4ms[0m
[90mHEAD http://104.194.77.17:80/administrator/phpMyAdmin/ [33m404 [90m1ms[0m
[90mHEAD http://104.194.77.17:80/administrator/db/ [33m404 [90m0ms[0m
[90mHEAD http://104.194.77.17:80/administrator/web/ [33m404 [90m0ms[0m
[90mHEAD http://104.194.77.17:80/administrator/pma/ [33m404 [90m0ms[0m
[90mHEAD http://104.194.77.17:80/administrator/PMA/ [33m404 [90m1ms[0m
[90mHEAD http://104.194.77.17:80/administrator/admin/ [33m404 [90m1ms[0m
[90mHEAD http://104.194.77.17:80/phpMyAdmin2/ [33m404 [90m1ms[0m
[90mHEAD http://104.194.77.17:80/phpMyAdmin3/ [33m404 [90m0ms[0m
[90mHEAD http://104.194.77.17:80/phpMyAdmin4/ [33m404 [90m0ms[0m
[90mHEAD http://104.194.77.17:80/phpMyAdmin-3/ [33m404 [90m0ms[0m
[90mHEAD http://104.194.77.17:80/php-my-admin/ [33m404 [90m0ms[0m
[90mHEAD http://104.194.77.17:80/PMA2011/ [33m404 [90m1ms[0m
[90mHEAD http://104.194.77.17:80/PMA2012/ [33m404 [90m0ms[0m
[90mHEAD http://104.194.77.17:80/PMA2013/ [33m404 [90m0ms[0m
[90mHEAD http://104.194.77.17:80/PMA2014/ [33m404 [90m0ms[0m
[90mHEAD http://104.194.77.17:80/PMA2015/ [33m404 [90m0ms[0m
[90mHEAD http://104.194.77.17:80/PMA2016/ [33m404 [90m1ms[0m
[90mHEAD http://104.194.77.17:80/PMA2017/ [33m404 [90m0ms[0m
[90mHEAD http://104.194.77.17:80/PMA2018/ [33m404 [90m0ms[0m
[90mHEAD http://104.194.77.17:80/pma2011/ [33m404 [90m1ms[0m
[90mHEAD http://104.194.77.17:80/pma2012/ [33m404 [90m0ms[0m
[90mHEAD http://104.194.77.17:80/pma2013/ [33m404 [90m1ms[0m
[90mHEAD http://104.194.77.17:80/pma2014/ [33m404 [90m0ms[0m
[90mHEAD http://104.194.77.17:80/pma2015/ [33m404 [90m0ms[0m
[90mHEAD http://104.194.77.17:80/pma2016/ [33m404 [90m0ms[0m
[90mHEAD http://104.194.77.17:80/pma2017/ [33m404 [90m1ms[0m
[90mHEAD http://104.194.77.17:80/pma2018/ [33m404 [90m0ms[0m
[90mHEAD http://104.194.77.17:80/phpmyadmin2011/ [33m404 [90m0ms[0m
[90mHEAD http://104.194.77.17:80/phpmyadmin2012/ [33m404 [90m1ms[0m
[90mHEAD http://104.194.77.17:80/phpmyadmin2013/ [33m404 [90m0ms[0m
[90mHEAD http://104.194.77.17:80/phpmyadmin2014/ [33m404 [90m0ms[0m
[90mHEAD http://104.194.77.17:80/phpmyadmin2015/ [33m404 [90m0ms[0m
[90mHEAD http://104.194.77.17:80/phpmyadmin2016/ [33m404 [90m1ms[0m
[90mHEAD http://104.194.77.17:80/phpmyadmin2017/ [33m404 [90m0ms[0m
[90mHEAD http://104.194.77.17:80/phpmyadmin2018/ [33m404 [90m0ms[0m
[90mHEAD http://104.194.77.17:80/phpmanager/ [33m404 [90m1ms[0m
[90mGET / [32m200 [90m9ms - 170b[0m
[90mGET / [32m200 [90m2ms - 170b[0m
[90mGET / [32m200 [90m6ms - 170b[0m
[90mGET / [32m200 [90m2ms - 170b[0m
[90mGET /robots.txt [33m404 [90m0ms[0m
[90mGET / [32m200 [90m36ms - 170b[0m
[90mGET /stylesheets/style.css [32m200 [90m5ms - 110b[0m
[90mGET / [32m200 [90m4ms - 170b[0m
[90mGET / [32m200 [90m4ms - 170b[0m
[90mGET /manager/html [33m404 [90m0ms[0m
[90mGET / [32m200 [90m3ms - 170b[0m
[90mGET / [32m200 [90m11ms - 170b[0m
[90mGET / [32m200 [90m5ms - 170b[0m
[90mGET /robots.txt [33m404 [90m2ms[0m
[90mGET / [32m200 [90m3ms - 170b[0m
[90mGET / [32m200 [90m28ms - 170b[0m
[90mHEAD http://180.163.113.82/check_proxy [33m404 [90m1ms[0m
[90mGET / [32m200 [90m12ms - 170b[0m
[90mGET / [32m200 [90m39ms - 170b[0m
[90mGET / [32m200 [90m55ms - 170b[0m
[90mGET /etc/lib/pChart2/examples/imageMap/index.php [33m404 [90m8ms[0m
[90mGET / [32m200 [90m60ms - 170b[0m
[90mGET / [32m200 [90m66ms - 170b[0m
[90mGET /robots.txt [33m404 [90m5ms[0m
[90mGET / [32m200 [90m21ms - 170b[0m
[90mGET / [32m200 [90m10ms - 170b[0m
[90mGET /userlogin/login.aspx [33m404 [90m1ms[0m
[90mGET / [32m200 [90m21ms - 170b[0m
[90mGET / [32m200 [90m31ms - 170b[0m
[90mGET / [32m200 [90m14ms - 170b[0m
[90mGET /userlogin/login.aspx [33m404 [90m0ms[0m
[90mGET / [32m200 [90m8ms - 170b[0m
[90mGET / [32m200 [90m29ms - 170b[0m
[90mGET / [32m200 [90m33ms - 170b[0m
[90mGET /phpmyadmin%20 [33m404 [90m2ms[0m
[90mGET / [32m200 [90m18ms - 170b[0m
[90mGET /robots.txt [33m404 [90m1ms[0m
[90mGET / [32m200 [90m12ms - 170b[0m
[90mGET / [32m200 [90m14ms - 170b[0m
[90mGET /upload/bank-icons/bank-gh.jpg [33m404 [90m4ms[0m
[90mGET / [32m200 [90m16ms - 170b[0m
[90mGET / [32m200 [90m6ms - 170b[0m
[90mGET /robots.txt [33m404 [90m0ms[0m
[90mGET / [32m200 [90m16ms - 170b[0m
[90mGET / [32m200 [90m45ms - 170b[0m
[90mGET / [32m200 [90m3ms - 170b[0m
[90mGET / [32m200 [90m7ms - 170b[0m
[90mHEAD / [32m200 [90m12ms - 170b[0m
[90mGET http://testing0.ipstresser.com/socks_test_logger.php [33m404 [90m1ms[0m
[90mGET / [32m200 [90m22ms - 170b[0m
[90mGET / [32m200 [90m27ms - 170b[0m
[90mGET /hndUnblock.cgi [33m404 [90m3ms[0m
[90mGET /tmUnblock.cgi [33m404 [90m1ms[0m
[90mGET / [32m200 [90m2ms - 170b[0m
[90mGET / [32m200 [90m12ms - 170b[0m
[90mGET / [32m200 [90m12ms - 170b[0m
[90mGET / [32m200 [90m8ms - 170b[0m
[90mGET /robots.txt [33m404 [90m1ms[0m
[90mGET / [32m200 [90m7ms - 170b[0m
[90mGET / [32m200 [90m3ms - 170b[0m
[90mGET / [32m200 [90m28ms - 170b[0m
[90mGET /robots.txt [33m404 [90m1ms[0m
[90mGET / [32m200 [90m8ms - 170b[0m
[90mGET / [32m200 [90m8ms - 170b[0m
[90mGET / [32m200 [90m6ms - 170b[0m
[90mGET /stylesheets/style.css [32m200 [90m12ms - 110b[0m
[90mGET / [32m200 [90m20ms - 170b[0m
[90mHEAD / [32m200 [90m4ms - 170b[0m
[90mGET / [32m200 [90m7ms - 170b[0m
[90mGET / [32m200 [90m3ms - 170b[0m
[90mGET / [32m200 [90m2ms - 170b[0m
[90mGET / [32m200 [90m3ms - 170b[0m
[90mGET / [32m200 [90m13ms - 170b[0m
[90mGET /x [33m404 [90m7ms[0m
[90mGET / [32m200 [90m3ms - 170b[0m
[90mGET / [32m200 [90m7ms - 170b[0m
[90mGET / [32m200 [90m12ms - 170b[0m
[90mGET /robots.txt [33m404 [90m1ms[0m
[90mGET / [32m200 [90m33ms - 170b[0m
[90mGET / [32m200 [90m11ms - 170b[0m
[90mGET / [32m200 [90m4ms - 170b[0m
[90mGET / [32m200 [90m3ms - 170b[0m
[90mGET /xmlrpc.php [33m404 [90m12ms[0m
[90mGET / [32m200 [90m18ms - 170b[0m
[90mGET /w00tw00t.at.blackhats.romanian.anti-sec:) [33m404 [90m2ms[0m
[90mGET /phpMyAdmin/scripts/setup.php [33m404 [90m1ms[0m
[90mGET /phpmyadmin/scripts/setup.php [33m404 [90m1ms[0m
[90mGET /pma/scripts/setup.php [33m404 [90m0ms[0m
[90mGET /myadmin/scripts/setup.php [33m404 [90m1ms[0m
[90mGET /MyAdmin/scripts/setup.php [33m404 [90m0ms[0m
[90mGET /scripts/setup.php [33m404 [90m0ms[0m
[90mGET /manager/html [33m404 [90m0ms[0m
[90mGET /robots.txt [33m404 [90m1ms[0m
[90mGET / [32m200 [90m5ms - 170b[0m
[90mGET /robots.txt [33m404 [90m1ms[0m
[90mGET /stylesheets/style.css [32m200 [90m4ms - 110b[0m
[90mGET /robots.txt [33m404 [90m1ms[0m
[90mGET / [32m200 [90m3ms - 170b[0m
[90mGET /stylesheets/style.css [32m200 [90m1ms - 110b[0m
[90mGET / [32m200 [90m15ms - 170b[0m
[90mGET / [32m200 [90m3ms - 170b[0m
[90mGET / [32m200 [90m13ms - 170b[0m
[90mGET /cgi/common.cgi [33m404 [90m7ms[0m
[90mGET /stssys.htm [33m404 [90m0ms[0m
[90mGET / [32m200 [90m6ms - 170b[0m
[90mPOST /command.php [33m404 [90m10ms[0m
[90mGET / [32m200 [90m18ms - 170b[0m
[90mGET /robots.txt [33m404 [90m1ms[0m
[90mGET / [32m200 [90m28ms - 170b[0m
[90mGET / [32m200 [90m7ms - 170b[0m
[90mGET / [32m200 [90m5ms - 170b[0m
[90mGET / [32m200 [90m6ms - 170b[0m
[90mGET / [32m200 [90m3ms - 170b[0m
[90mGET / [32m200 [90m11ms - 170b[0m
[90mGET /phpmyadmin%20 [33m404 [90m1ms[0m
[90mGET /phpmyadmin%20 [33m404 [90m0ms[0m
[90mGET / [32m200 [90m6ms - 170b[0m
[90mGET / [32m200 [90m6ms - 170b[0m
[90mGET / [32m200 [90m6ms - 170b[0m
[90mGET / [32m200 [90m70ms - 170b[0m
[90mGET / [32m200 [90m3ms - 170b[0m
[90mGET / [32m200 [90m11ms - 170b[0m
[90mGET / [32m200 [90m29ms - 170b[0m
[90mGET / [32m200 [90m4ms - 170b[0m
[90mGET / [32m200 [90m3ms - 170b[0m
[90mGET /w00tw00t.at.blackhats.romanian.anti-sec:) [33m404 [90m10ms[0m
[90mGET /phpmyadmin/scripts/setup.php [33m404 [90m1ms[0m
[90mGET /phpMyAdmin/scripts/setup.php [33m404 [90m2ms[0m
[90mGET /mysqladmin/scripts/setup.php [33m404 [90m4ms[0m
[90mGET /PMA2012/ [33m404 [90m3ms[0m
[90mGET /pma2012/ [33m404 [90m0ms[0m
[90mGET /PMA2011/ [33m404 [90m0ms[0m
[90mGET /pma2011/ [33m404 [90m1ms[0m
[90mGET /phpmyadmin2/ [33m404 [90m0ms[0m
[90mGET /phpmyadmin3/ [33m404 [90m1ms[0m
[90mGET /phpmyadmin4 [33m404 [90m1ms[0m
[90mGET /robots.txt [33m404 [90m1ms[0m
[90mGET / [32m200 [90m26ms - 170b[0m
[90mGET / [32m200 [90m9ms - 170b[0m
[90mGET /robots.txt [33m404 [90m1ms[0m
[90mGET / [32m200 [90m4ms - 170b[0m
[90mGET / [32m200 [90m3ms - 170b[0m
[90mGET /phpmyadmin [33m404 [90m0ms[0m
[90mGET / [32m200 [90m7ms - 170b[0m
[90mGET / [32m200 [90m4ms - 170b[0m
[90mGET /phpmyadmin [33m404 [90m1ms[0m
[90mGET / [32m200 [90m10ms - 170b[0m
[90mGET / [32m200 [90m6ms - 170b[0m
[90mGET / [32m200 [90m5ms - 170b[0m
[90mGET / [32m200 [90m13ms - 170b[0m
[90mGET /phpmyadmin/scripts/setup.php [33m404 [90m1ms[0m
[90mGET / [32m200 [90m4ms - 170b[0m
[90mHEAD /robots.txt [33m404 [90m5ms[0m
[90mGET / [32m200 [90m4ms - 170b[0m
[90mGET /robots.txt [33m404 [90m0ms[0m
[90mGET / [32m200 [90m4ms - 170b[0m
[90mGET / [32m200 [90m16ms - 170b[0m
[90mGET / [32m200 [90m3ms - 170b[0m
[90mGET / [32m200 [90m4ms - 170b[0m
[90mHEAD http://180.163.113.82/check_proxy [33m404 [90m3ms[0m
[90mGET / [32m200 [90m31ms - 170b[0m
[90mGET / [32m200 [90m3ms - 170b[0m
[90mGET /shell?%75%6E%61%6D%65%20%2D%61 [33m404 [90m2ms[0m
[90mGET / [32m200 [90m8ms - 170b[0m
[90mGET / [32m200 [90m17ms - 170b[0m
[90mGET /robots.txt [33m404 [90m0ms[0m
[90mGET / [32m200 [90m5ms - 170b[0m
[90mGET / [32m200 [90m3ms - 170b[0m
[90mGET /stylesheets/style.css [32m200 [90m30ms - 110b[0m
[90mGET / [32m200 [90m47ms - 170b[0m
[90mGET / [32m200 [90m4ms - 170b[0m
[90mGET /phpmyadmin [33m404 [90m2ms[0m
[90mGET /phpmyadmin [33m404 [90m0ms[0m
[90mGET /phpmyadmin [33m404 [90m9ms[0m
[90mGET /phpmyadmin [33m404 [90m0ms[0m
[90mGET /phpmyadmin [33m404 [90m0ms[0m
[90mGET /manager/html [33m404 [90m0ms[0m
[90mGET / [32m200 [90m2ms - 170b[0m
[90mGET / [32m200 [90m13ms - 170b[0m
[90mGET / [32m200 [90m14ms - 170b[0m
[90mGET /hndUnblock.cgi [33m404 [90m1ms[0m
[90mGET /tmUnblock.cgi [33m404 [90m0ms[0m
[90mGET / [32m200 [90m4ms - 170b[0m
[90mGET / [32m200 [90m3ms - 170b[0m
[90mGET /robots.txt [33m404 [90m1ms[0m
[90mGET / [32m200 [90m4ms - 170b[0m
[90mGET / [32m200 [90m2ms - 170b[0m
[90mGET / [32m200 [90m5ms - 170b[0m
[90mGET / [32m200 [90m2ms - 170b[0m
[90mGET / [32m200 [90m3ms - 170b[0m
[90mGET / [32m200 [90m4ms - 170b[0m
[90mGET / [32m200 [90m3ms - 170b[0m
[90mGET / [32m200 [90m23ms - 170b[0m
[90mGET /robots.txt [33m404 [90m3ms[0m
[90mGET / [32m200 [90m12ms - 170b[0m
[90mGET / [32m200 [90m2ms - 170b[0m
[90mGET /robots.txt [33m404 [90m0ms[0m
[90mGET / [32m200 [90m4ms - 170b[0m
[90mGET / [32m200 [90m29ms - 170b[0m
[90mGET / [32m200 [90m17ms - 170b[0m
[90mGET / [32m200 [90m3ms - 170b[0m
[90mGET / [32m200 [90m10ms - 170b[0m
[90mGET / [32m200 [90m2ms - 170b[0m
[90mGET / [32m200 [90m24ms - 170b[0m
[90mGET / [32m200 [90m6ms - 170b[0m
[90mGET / [32m200 [90m4ms - 170b[0m
[90mGET /manager/html [33m404 [90m12ms[0m
[90mGET / [32m200 [90m17ms - 170b[0m
[90mGET /robots.txt [33m404 [90m1ms[0m
[90mGET / [32m200 [90m3ms - 170b[0m
[90mGET / [32m200 [90m3ms - 170b[0m
[90mGET / [32m200 [90m3ms - 170b[0m
[90mGET / [32m200 [90m12ms - 170b[0m
[90mGET / [32m200 [90m4ms - 170b[0m
[90mGET / [32m200 [90m3ms - 170b[0m
[90mGET /robots.txt [33m404 [90m0ms[0m
[90mGET / [32m200 [90m15ms - 170b[0m
[90mGET / [32m200 [90m2ms - 170b[0m
[90mGET / [32m200 [90m4ms - 170b[0m
[90mGET / [32m200 [90m3ms - 170b[0m
[90mHEAD /robots.txt [33m404 [90m1ms[0m
[90mGET / [32m200 [90m39ms - 170b[0m
[90mGET / [32m200 [90m31ms - 170b[0m
[90mGET / [32m200 [90m3ms - 170b[0m
[90mGET / [32m200 [90m5ms - 170b[0m
[90mGET / [32m200 [90m3ms - 170b[0m
[90mGET /cgi/common.cgi [33m404 [90m2ms[0m
[90mGET /stssys.htm [33m404 [90m1ms[0m
[90mGET / [32m200 [90m24ms - 170b[0m
[90mPOST /command.php [33m404 [90m8ms[0m
[90mGET / [32m200 [90m4ms - 170b[0m
[90mGET /robots.txt [33m404 [90m27ms[0m
[90mGET / [32m200 [90m37ms - 170b[0m
[90mGET /robots.txt [33m404 [90m1ms[0m
[90mGET /stylesheets/style.css [32m200 [90m6ms - 110b[0m
[90mGET /robots.txt [33m404 [90m1ms[0m
[90mGET / [32m200 [90m7ms - 170b[0m
[90mGET / [32m200 [90m10ms - 170b[0m
[90mGET / [32m200 [90m3ms - 170b[0m
[90mGET / [32m200 [90m7ms - 170b[0m
[90mGET /x [33m404 [90m1ms[0m
[90mGET / [32m200 [90m47ms - 170b[0m
[90mGET / [32m200 [90m16ms - 170b[0m
[90mGET / [32m200 [90m28ms - 170b[0m
[90mGET / [32m200 [90m14ms - 170b[0m
[90mGET / [32m200 [90m16ms - 170b[0m
[90mGET / [32m200 [90m8ms - 170b[0m
[90mGET / [32m200 [90m11ms - 170b[0m
[90mGET / [32m200 [90m3ms - 170b[0m
[90mGET / [32m200 [90m22ms - 170b[0m
[90mGET / [32m200 [90m73ms - 170b[0m
[90mGET / [32m200 [90m49ms - 170b[0m
[90mGET / [32m200 [90m69ms - 170b[0m
[90mGET / [32m200 [90m89ms - 170b[0m
[90mGET / [32m200 [90m16ms - 170b[0m
[90mGET http://8993161.xyz/index.php [33m404 [90m7ms[0m
[90mGET / [32m200 [90m66ms - 170b[0m
[90mGET / [32m200 [90m17ms - 170b[0m
[90mGET http://www.baidu.com/ [32m200 [90m67ms - 170b[0m
[90mGET /robots.txt [33m404 [90m2ms[0m
[90mGET / [32m200 [90m49ms - 170b[0m
[90mGET / [32m200 [90m10ms - 170b[0m
[90mGET /manager/html [33m404 [90m2ms[0m
[90mGET /shell?%75%6E%61%6D%65%20%2D%61 [33m404 [90m3ms[0m
[90mGET / [32m200 [90m13ms - 170b[0m
[90mGET / [32m200 [90m14ms - 170b[0m
[90mGET / [32m200 [90m44ms - 170b[0m
[90mGET / [32m200 [90m33ms - 170b[0m
[90mGET / [32m200 [90m16ms - 170b[0m
[90mGET / [32m200 [90m37ms - 170b[0m
[90mGET / [32m200 [90m9ms - 170b[0m
[90mGET / [32m200 [90m6ms - 170b[0m
[90mGET / [32m200 [90m22ms - 170b[0m
[90mGET / [32m200 [90m5ms - 170b[0m
[90mGET /robots.txt [33m404 [90m7ms[0m
[90mGET / [32m200 [90m8ms - 170b[0m
[90mGET / [32m200 [90m10ms - 170b[0m
[90mGET / [32m200 [90m27ms - 170b[0m
[90mGET / [32m200 [90m9ms - 170b[0m
[90mGET /CFIDE/administrator/ [33m404 [90m2ms[0m
[90mGET / [32m200 [90m3ms - 170b[0m
[90mGET / [32m200 [90m15ms - 170b[0m
[90mGET / [32m200 [90m4ms - 170b[0m
[90mGET / [32m200 [90m4ms - 170b[0m
[90mGET / [32m200 [90m6ms - 170b[0m
[90mGET / [32m200 [90m4ms - 170b[0m
[90mGET /robots.txt [33m404 [90m12ms[0m
[90mGET / [32m200 [90m5ms - 170b[0m
[90mGET / [32m200 [90m305ms - 170b[0m
[90mGET / [32m200 [90m3ms - 170b[0m
[90mHEAD http://180.163.113.82/check_proxy [33m404 [90m5ms[0m
[90mGET / [32m200 [90m24ms - 170b[0m
[90mHEAD /robots.txt [33m404 [90m0ms[0m
[90mGET / [32m200 [90m21ms - 170b[0m
[90mGET / [32m200 [90m6ms - 170b[0m
[90mGET / [32m200 [90m4ms - 170b[0m
[90mGET /hndUnblock.cgi [33m404 [90m0ms[0m
[90mGET /tmUnblock.cgi [33m404 [90m1ms[0m
[90mGET /moo [33m404 [90m0ms[0m
[90mGET / [32m200 [90m4ms - 170b[0m
[90mGET / [32m200 [90m8ms - 170b[0m
[90mGET / [32m200 [90m12ms - 170b[0m
[90mGET / [32m200 [90m4ms - 170b[0m
[90mGET / [32m200 [90m5ms - 170b[0m
[90mGET /stylesheets/style.css [32m200 [90m20ms - 110b[0m
[90mGET /favicon.ico [33m404 [90m3ms[0m
[90mGET / [32m200 [90m18ms - 170b[0m
[90mGET /manager/html [33m404 [90m1ms[0m
[90mGET / [32m200 [90m35ms - 170b[0m
[90mGET /robots.txt [33m404 [90m0ms[0m
[90mGET / [32m200 [90m7ms - 170b[0m
[90mGET / [32m200 [90m7ms - 170b[0m
[90mGET / [32m200 [90m3ms - 170b[0m
[90mGET /RECORDINGS/ [33m404 [90m1ms[0m
[90mGET / [32m200 [90m16ms - 170b[0m
[90mGET / [32m200 [90m9ms - 170b[0m
[90mGET / [32m200 [90m12ms - 170b[0m
[90mGET /robots.txt [33m404 [90m1ms[0m
[90mGET / [32m200 [90m5ms - 170b[0m
[90mGET /stylesheets/style.css [32m200 [90m1ms - 110b[0m
[90mGET / [32m200 [90m2ms - 170b[0m
[90mGET / [32m200 [90m29ms - 170b[0m
[90mGET / [32m200 [90m3ms - 170b[0m
[90mGET http://www.msftncsi.com/ncsi.txt [33m404 [90m0ms[0m
[90mGET /HNAP1/ [33m404 [90m0ms[0m
[90mGET /sqlite/main.php [33m404 [90m1ms[0m
[90mGET /sqlitemanager/main.php [33m404 [90m1ms[0m
[90mGET /SQLiteManager/main.php [33m404 [90m3ms[0m
[90mGET /SQLite/main.php [33m404 [90m0ms[0m
[90mGET /SQlite/main.php [33m404 [90m0ms[0m
[90mGET /main.php [33m404 [90m0ms[0m
[90mGET /test/sqlite/SQLiteManager-1.2.0/SQLiteManager-1.2.0/main.php [33m404 [90m0ms[0m
[90mGET /SQLiteManager-1.2.4/main.php [33m404 [90m0ms[0m
[90mGET /agSearch/SQlite/main.php [33m404 [90m0ms[0m
[90mGET / [32m200 [90m3ms - 170b[0m
[90mGET /etc/lib/pChart2/examples/index.php?Action=View&Script=../../../../cnf/db.php [33m404 [90m13ms[0m
[90mGET / [32m200 [90m23ms - 170b[0m
[90mGET / [32m200 [90m34ms - 170b[0m
[90mGET /manager/html [33m404 [90m0ms[0m
[90mGET /robots.txt [33m404 [90m0ms[0m
[90mGET / [32m200 [90m4ms - 170b[0m
[90mGET / [32m200 [90m7ms - 170b[0m
[90mGET / [32m200 [90m3ms - 170b[0m
[90mGET /manager/html [33m404 [90m2ms[0m
[90mGET / [32m200 [90m39ms - 170b[0m
[90mGET / [32m200 [90m4ms - 170b[0m
[90mGET / [32m200 [90m8ms - 170b[0m
[90mGET / [32m200 [90m3ms - 170b[0m
[90mGET / [32m200 [90m21ms - 170b[0m
[90mGET / [32m200 [90m11ms - 170b[0m
[90mGET /robots.txt [33m404 [90m1ms[0m
[90mGET / [32m200 [90m10ms - 170b[0m
[90mGET / [32m200 [90m3ms - 170b[0m
[90mGET /manager/html [33m404 [90m1ms[0m
[90mGET / [32m200 [90m4ms - 170b[0m
[90mGET /stylesheets/style.css [32m200 [90m28ms - 110b[0m
[90mGET /favicon.ico [33m404 [90m2ms[0m
[90mPROPFIND / [33m404 [90m6ms[0m
[90mGET / [32m200 [90m29ms - 170b[0m
[90mGET / [32m200 [90m7ms - 170b[0m
[90mGET /stylesheets/style.css [32m200 [90m1ms - 110b[0m
[90mGET /manager/html [33m404 [90m0ms[0m
[90mGET / [32m200 [90m4ms - 170b[0m
[90mGET /robots.txt [33m404 [90m4ms[0m
[90mGET / [32m200 [90m3ms - 170b[0m
[90mGET / [32m200 [90m2ms - 170b[0m
[90mPOST / [33m404 [90m1ms[0m
[90mGET / [32m200 [90m3ms - 170b[0m
[90mGET / [32m200 [90m5ms - 170b[0m
[90mGET / [32m200 [90m6ms - 170b[0m
[90mGET / [32m200 [90m11ms - 170b[0m
[90mGET / [32m200 [90m3ms - 170b[0m
[90mGET / [32m200 [90m7ms - 170b[0m
[90mGET / [32m200 [90m9ms - 170b[0m
[90mGET / [32m200 [90m45ms - 170b[0m
[90mPROPFIND / [33m404 [90m1ms[0m
[90mGET / [32m200 [90m9ms - 170b[0m
[90mGET / [32m200 [90m21ms - 170b[0m
[90mGET / [32m200 [90m4ms - 170b[0m
[90mGET / [32m200 [90m3ms - 170b[0m
[90mGET / [32m200 [90m9ms - 170b[0m
[90mGET / [32m200 [90m8ms - 170b[0m
[90mGET / [32m200 [90m23ms - 170b[0m
[90mGET / [32m200 [90m15ms - 170b[0m
[90mGET /w00tw00t.at.blackhats.romanian.anti-sec:) [33m404 [90m8ms[0m
[90mGET /phpMyAdmin/scripts/setup.php [33m404 [90m1ms[0m
[90mGET /phpmyadmin/scripts/setup.php [33m404 [90m2ms[0m
[90mGET /myadmin/scripts/setup.php [33m404 [90m0ms[0m
[90mGET /MyAdmin/scripts/setup.php [33m404 [90m1ms[0m
[90mGET /scripts/setup.php [33m404 [90m1ms[0m
[90mGET / [32m200 [90m10ms - 170b[0m
[90mGET /robots.txt [33m404 [90m0ms[0m
[90mGET / [32m200 [90m13ms - 170b[0m
[90mGET / [32m200 [90m9ms - 170b[0m
[90mGET /cgi/common.cgi [33m404 [90m0ms[0m
[90mGET /stssys.htm [33m404 [90m0ms[0m
[90mGET / [32m200 [90m4ms - 170b[0m
[90mPOST /command.php [33m404 [90m11ms[0m
[90mGET / [32m200 [90m12ms - 170b[0m
[90mGET /x [33m404 [90m0ms[0m
[90mGET / [32m200 [90m3ms - 170b[0m
[90mGET / [32m200 [90m16ms - 170b[0m
[90mGET / [32m200 [90m23ms - 170b[0m
[90mGET / [32m200 [90m3ms - 170b[0m
[90mGET / [32m200 [90m5ms - 170b[0m
[90mGET / [32m200 [90m3ms - 170b[0m
[90mGET / [32m200 [90m3ms - 170b[0m
[90mGET / [32m200 [90m36ms - 170b[0m
[90mGET / [32m200 [90m5ms - 170b[0m
[90mGET / [32m200 [90m3ms - 170b[0m
[90mGET /robots.txt [33m404 [90m7ms[0m
[90mGET / [32m200 [90m4ms - 170b[0m
[90mGET / [32m200 [90m4ms - 170b[0m
[90mGET / [32m200 [90m48ms - 170b[0m
[90mGET / [32m200 [90m10ms - 170b[0m
[90mGET / [32m200 [90m35ms - 170b[0m
[90mGET /phpmyadmin [33m404 [90m15ms[0m
[90mGET / [32m200 [90m4ms - 170b[0m
[90mGET / [32m200 [90m10ms - 170b[0m
[90mGET / [32m200 [90m11ms - 170b[0m
[90mHEAD / [32m200 [90m45ms - 170b[0m
[90mGET / [32m200 [90m25ms - 170b[0m
[90mGET / [32m200 [90m6ms - 170b[0m
[90mGET / [32m200 [90m4ms - 170b[0m
[90mGET / [32m200 [90m4ms - 170b[0m
[90mGET /robots.txt [33m404 [90m3ms[0m
[90mGET / [32m200 [90m5ms - 170b[0m
[90mGET / [32m200 [90m7ms - 170b[0m
[90mGET / [32m200 [90m5ms - 170b[0m
[90mGET / [32m200 [90m4ms - 170b[0m
[90mGET / [32m200 [90m4ms - 170b[0m
[90mGET / [32m200 [90m3ms - 170b[0m
[90mGET / [32m200 [90m20ms - 170b[0m
[90mGET / [32m200 [90m26ms - 170b[0m
[90mGET / [32m200 [90m9ms - 170b[0m
[90mGET / [32m200 [90m8ms - 170b[0m
[90mGET / [32m200 [90m34ms - 170b[0m
[90mGET / [32m200 [90m4ms - 170b[0m
[90mGET / [32m200 [90m29ms - 170b[0m
[90mGET / [32m200 [90m21ms - 170b[0m
[90mGET / [32m200 [90m15ms - 170b[0m
[90mGET / [32m200 [90m3ms - 170b[0m
[90mGET / [32m200 [90m3ms - 170b[0m
[90mGET / [32m200 [90m5ms - 170b[0m
[90mGET / [32m200 [90m18ms - 170b[0m
[90mGET / [32m200 [90m25ms - 170b[0m
[90mGET / [32m200 [90m27ms - 170b[0m
[90mGET / [32m200 [90m73ms - 170b[0m
[90mGET / [32m200 [90m37ms - 170b[0m
[90mGET / [32m200 [90m119ms - 170b[0m
[90mGET / [32m200 [90m80ms - 170b[0m
[90mGET /robots.txt [33m404 [90m14ms[0m
[90mGET / [32m200 [90m23ms - 170b[0m
[90mGET / [32m200 [90m15ms - 170b[0m
[90mGET / [32m200 [90m12ms - 170b[0m
[90mGET / [32m200 [90m29ms - 170b[0m
[90mGET / [32m200 [90m39ms - 170b[0m
[90mGET / [32m200 [90m10ms - 170b[0m
[90mGET / [32m200 [90m5ms - 170b[0m
[90mGET / [32m200 [90m15ms - 170b[0m
[90mGET / [32m200 [90m14ms - 170b[0m
[90mGET / [32m200 [90m10ms - 170b[0m
[90mGET / [32m200 [90m21ms - 170b[0m
[90mGET /hndUnblock.cgi [33m404 [90m2ms[0m
[90mGET /tmUnblock.cgi [33m404 [90m0ms[0m
[90mGET /moo [33m404 [90m1ms[0m
[90mGET / [32m200 [90m86ms - 170b[0m
[90mGET / [32m200 [90m5ms - 170b[0m
[90mGET / [32m200 [90m4ms - 170b[0m
[90mGET / [32m200 [90m56ms - 170b[0m
[90mGET /robots.txt [33m404 [90m4ms[0m
[90mGET / [32m200 [90m9ms - 170b[0m
[90mGET / [32m200 [90m9ms - 170b[0m
[90mGET / [32m200 [90m16ms - 170b[0m
[90mGET / [32m200 [90m25ms - 170b[0m
[90mGET / [32m200 [90m22ms - 170b[0m
[90mGET /stylesheets/style.css [32m200 [90m17ms - 110b[0m
[90mGET /favicon.ico [33m404 [90m0ms[0m
[90mGET / [32m200 [90m6ms - 170b[0m
[90mGET / [32m200 [90m10ms - 170b[0m
[90mGET http://www.baidu.com/ [32m200 [90m39ms - 170b[0m
[90mGET / [32m200 [90m4ms - 170b[0m
[90mGET / [32m200 [90m8ms - 170b[0m
[90mGET / [32m200 [90m5ms - 170b[0m
[90mGET / [32m200 [90m15ms - 170b[0m
[90mGET / [32m200 [90m3ms - 170b[0m
[90mGET / [32m200 [90m3ms - 170b[0m
[90mGET / [32m200 [90m4ms - 170b[0m
[90mGET /manager/html [33m404 [90m2ms[0m
[90mGET / [32m200 [90m15ms - 170b[0m
[90mGET / [32m200 [90m3ms - 170b[0m
[90mGET / [32m200 [90m10ms - 170b[0m
[90mGET / [32m200 [90m9ms - 170b[0m
[90mGET / [32m200 [90m4ms - 170b[0m
[90mGET /phpmyadmin/scripts/setup.php [33m404 [90m2ms[0m
[90mGET / [32m200 [90m2ms - 170b[0m
[90mHEAD /redirect.php [33m404 [90m0ms[0m
[90mGET / [32m200 [90m8ms - 170b[0m
[90mGET / [32m200 [90m15ms - 170b[0m
[90mGET /robots.txt [33m404 [90m7ms[0m
[90mGET / [32m200 [90m13ms - 170b[0m
[90mGET / [32m200 [90m22ms - 170b[0m
[90mGET / [32m200 [90m3ms - 170b[0m
[90mGET / [32m200 [90m8ms - 170b[0m
[90mGET / [32m200 [90m3ms - 170b[0m
[90mHEAD / [32m200 [90m8ms - 170b[0m
[90mGET / [32m200 [90m3ms - 170b[0m
[90mHEAD / [32m200 [90m3ms - 170b[0m
[90mGET / [32m200 [90m7ms - 170b[0m
[90mHEAD /robots.txt [33m404 [90m1ms[0m
[90mGET /recordings/ [33m404 [90m3ms[0m
[90mGET / [32m200 [90m3ms - 170b[0m
[90mGET / [32m200 [90m16ms - 170b[0m
[90mGET http://www.baidu.com/ [32m200 [90m47ms - 170b[0m
[90mGET / [32m200 [90m4ms - 170b[0m
[90mGET / [32m200 [90m40ms - 170b[0m
[90mHEAD / [32m200 [90m143ms - 170b[0m
[90mGET / [32m200 [90m63ms - 170b[0m
[90mGET / [32m200 [90m3ms - 170b[0m
[90mGET / [32m200 [90m4ms - 170b[0m
[90mHEAD /manager/html [33m404 [90m6ms[0m
[90mGET / [32m200 [90m3ms - 170b[0m
[90mGET /robots.txt [33m404 [90m0ms[0m
[90mGET /sitemap.xml [33m404 [90m1ms[0m
[90mGET / [32m200 [90m3ms - 170b[0m
[90mGET / [32m200 [90m6ms - 170b[0m
[90mGET / [32m200 [90m5ms - 170b[0m
[90mGET / [32m200 [90m9ms - 170b[0m
[90mHEAD /?r=http://forum.kandl.space/ [32m200 [90m33ms - 170b[0m
[90mGET / [32m200 [90m12ms - 170b[0m
[90mGET / [32m200 [90m3ms - 170b[0m
[90mGET / [32m200 [90m10ms - 170b[0m
[90mGET /robots.txt [33m404 [90m1ms[0m
[90mGET / [32m200 [90m21ms - 170b[0m
[90mGET / [32m200 [90m5ms - 170b[0m
[90mGET / [32m200 [90m2ms - 170b[0m
[90mGET / [32m200 [90m5ms - 170b[0m
[90mGET / [32m200 [90m3ms - 170b[0m
[90mGET / [32m200 [90m3ms - 170b[0m
[90mGET / [32m200 [90m3ms - 170b[0m
[90mGET / [32m200 [90m6ms - 170b[0m
[90mGET / [32m200 [90m3ms - 170b[0m
[90mGET / [32m200 [90m2ms - 170b[0m
[90mGET / [32m200 [90m16ms - 170b[0m
[90mGET / [32m200 [90m5ms - 170b[0m
[90mGET / [32m200 [90m3ms - 170b[0m
[90mGET / [32m200 [90m6ms - 170b[0m
[90mGET /manager/html [33m404 [90m6ms[0m
[90mGET / [32m200 [90m4ms - 170b[0m
[90mGET / [32m200 [90m7ms - 170b[0m
[90mGET / [32m200 [90m4ms - 170b[0m
[90mGET / [32m200 [90m3ms - 170b[0m
[90mGET / [32m200 [90m3ms - 170b[0m
[90mGET /x [33m404 [90m1ms[0m
[90mGET / [32m200 [90m6ms - 170b[0m
[90mGET /robots.txt [33m404 [90m0ms[0m
[90mGET / [32m200 [90m3ms - 170b[0m
[90mGET / [32m200 [90m15ms - 170b[0m
[90mGET http://www.baidu.com/ [32m200 [90m22ms - 170b[0m
[90mGET /manager/html [33m404 [90m0ms[0m
[90mGET / [32m200 [90m3ms - 170b[0m
[90mGET / [32m200 [90m10ms - 170b[0m
[90mGET / [32m200 [90m11ms - 170b[0m
[90mGET /cgi/common.cgi [33m404 [90m1ms[0m
[90mGET /stssys.htm [33m404 [90m1ms[0m
[90mGET / [32m200 [90m3ms - 170b[0m
[90mPOST /command.php [33m404 [90m12ms[0m
[90mGET / [32m200 [90m6ms - 170b[0m
[90mGET / [32m200 [90m17ms - 170b[0m
[90mGET / [32m200 [90m4ms - 170b[0m
[90mGET / [32m200 [90m14ms - 170b[0m
[90mGET / [32m200 [90m3ms - 170b[0m
[90mGET /stylesheets/style.css [32m200 [90m9ms - 110b[0m
[90mGET /favicon.ico [33m404 [90m3ms[0m
[90mGET / [32m200 [90m6ms - 170b[0m
[90mGET / [32m200 [90m2ms - 170b[0m
[90mGET / [32m200 [90m3ms - 170b[0m
[90mGET / [32m200 [90m4ms - 170b[0m
[90mGET / [32m200 [90m18ms - 170b[0m
[90mGET / [32m200 [90m14ms - 170b[0m
[90mGET / [32m200 [90m3ms - 170b[0m
[90mGET / [32m200 [90m3ms - 170b[0m
[90mGET /robots.txt [33m404 [90m6ms[0m
[90mGET / [32m200 [90m3ms - 170b[0m
[90mGET / [32m200 [90m8ms - 170b[0m
[90mGET /robots.txt [33m404 [90m21ms[0m
[90mGET / [32m200 [90m80ms - 170b[0m
[90mGET /stylesheets/style.css [32m200 [90m1ms - 110b[0m
[90mGET /RECORDINGS/ [33m404 [90m2ms[0m
[90mGET / [32m200 [90m3ms - 170b[0m
[90mPOST / [33m404 [90m8ms[0m
[90mPOST / [33m404 [90m8ms[0m
[90mPOST / [33m404 [90m2ms[0m
[90mPOST / [33m404 [90m1ms[0m
[90mPOST / [33m404 [90m1ms[0m
[90mPOST / [33m404 [90m3ms[0m
[90mPOST / [33m404 [90m0ms[0m
[90mPOST / [33m404 [90m0ms[0m
[90mPOST / [33m404 [90m3ms[0m
[90mPOST / [33m404 [90m0ms[0m
[90mPOST / [33m404 [90m0ms[0m
[90mPOST / [33m404 [90m1ms[0m
[90mPOST / [33m404 [90m0ms[0m
[90mPOST / [33m404 [90m0ms[0m
[90mPOST / [33m404 [90m1ms[0m
[90mPOST / [33m404 [90m2ms[0m
[90mPOST / [33m404 [90m2ms[0m
[90mPOST / [33m404 [90m2ms[0m
[90mPOST / [33m404 [90m0ms[0m
[90mPOST / [33m404 [90m0ms[0m
[90mPOST / [33m404 [90m1ms[0m
[90mPOST / [33m404 [90m0ms[0m
[90mPOST / [33m404 [90m1ms[0m
[90mPOST / [33m404 [90m0ms[0m
[90mPOST / [33m404 [90m1ms[0m
[90mPOST / [33m404 [90m1ms[0m
[90mPOST / [33m404 [90m0ms[0m
[90mPOST / [33m404 [90m0ms[0m
[90mPOST / [33m404 [90m0ms[0m
[90mPOST / [33m404 [90m0ms[0m
[90mGET / [32m200 [90m4ms - 170b[0m
[90mGET / [32m200 [90m5ms - 170b[0m
[90mGET /CFIDE/administrator/ [33m404 [90m0ms[0m
[90mGET / [32m200 [90m6ms - 170b[0m
[90mGET / [32m200 [90m3ms - 170b[0m
[90mGET / [32m200 [90m5ms - 170b[0m
[90mHEAD / [32m200 [90m3ms - 170b[0m
[90mGET / [32m200 [90m3ms - 170b[0m
[90mGET / [32m200 [90m12ms - 170b[0m
[90mGET / [32m200 [90m9ms - 170b[0m
[90mHEAD /robots.txt [33m404 [90m2ms[0m
fs.js:641
  return binding.open(pathModule._makeLong(path), stringToFlags(flags), mode);
                 ^

Error: ENOENT: no such file or directory, open '../cert/privateKey.pem'
    at Error (native)
    at Object.fs.openSync (fs.js:641:18)
    at Object.fs.readFileSync (fs.js:509:33)
    at Object.<anonymous> (/root/react/server.js:12:21)
    at Module._compile (module.js:570:32)
    at Object.Module._extensions..js (module.js:579:10)
    at Module.load (module.js:487:32)
    at tryModuleLoad (module.js:446:12)
    at Function.Module._load (module.js:438:3)
    at Module.runMain (module.js:604:10)
Express server listening on port 80
[90mGET / [36m304 [90m337ms[0m
[90mGET /stylesheets/style.css [36m304 [90m5ms[0m
[90mGET /sw [36m303 [90m2ms[0m
[90mGET /sw/ [32m200 [90m13ms - 974b[0m
[90mGET /sw.js [33m404 [90m3ms[0m
[90mGET /sw/ [32m200 [90m1ms - 974b[0m
[90mGET /sw.js [33m404 [90m0ms[0m
[90mGET /sw/ [32m200 [90m6ms - 974b[0m
[90mGET /sw.js [32m200 [90m2ms - 6.21kb[0m
[90mGET /one.js [33m404 [90m1ms[0m
[90mGET /sw/ [32m200 [90m1ms - 974b[0m
[90mGET /sw.js [32m200 [90m3ms - 6.23kb[0m
[90mGET /sw/one.js [32m200 [90m1ms - 15b[0m
[90mGET /sw/two.js [32m200 [90m1ms - 15b[0m
[90mGET /sw/ [32m200 [90m3ms - 974b[0m
[90mGET /sw.js [36m304 [90m1ms[0m
[90mGET /sw/ [32m200 [90m0ms - 974b[0m
[90mGET /sw.js [36m304 [90m1ms[0m
[90mGET /sw/ [32m200 [90m2ms - 1011b[0m
[90mGET /sw/three.js [32m200 [90m0ms - 15b[0m
[90mGET /sw.js [32m200 [90m2ms - 6.82kb[0m
[90mGET /sw/one.js [32m200 [90m0ms - 15b[0m
[90mGET /sw/two.js [32m200 [90m0ms - 15b[0m
[90mGET /sw/ [32m200 [90m2ms - 1011b[0m
[90mGET /sw/three.js [32m200 [90m1ms - 15b[0m
[90mGET /sw.js [32m200 [90m3ms - 6.82kb[0m
[90mGET /sw/two.js [32m200 [90m3ms - 15b[0m
[90mGET /sw/one.js [32m200 [90m2ms - 15b[0m
[90mGET /sw/ [32m200 [90m1ms - 1.08kb[0m
[90mGET /sw/one.js [32m200 [90m3ms - 15b[0m
[90mGET /sw/two.js [32m200 [90m1ms - 15b[0m
[90mGET /sw/three.js [32m200 [90m1ms - 15b[0m
[90mGET /sw.js [36m304 [90m1ms[0m
[90mGET /phpmyadmin [33m404 [90m0ms[0m
[90mGET / [32m200 [90m42ms - 170b[0m
[90mGET / [32m200 [90m92ms - 170b[0m
[90mGET / [32m200 [90m79ms - 170b[0m
[90mGET / [32m200 [90m33ms - 170b[0m
[90mGET / [32m200 [90m11ms - 170b[0m
[90mGET / [32m200 [90m7ms - 170b[0m
[90mGET / [32m200 [90m37ms - 170b[0m
[90mGET / [32m200 [90m31ms - 170b[0m
[90mGET / [32m200 [90m3ms - 170b[0m
[90mGET / [32m200 [90m13ms - 170b[0m
[90mGET / [32m200 [90m17ms - 170b[0m
[90mGET /robots.txt [33m404 [90m0ms[0m
[90mGET / [32m200 [90m9ms - 170b[0m
[90mGET / [32m200 [90m19ms - 170b[0m
[90mGET / [32m200 [90m10ms - 170b[0m

> bae-nodejs@1.0.0 start /root/react
> node server.js

Express server listening on port 80
[90mGET / [32m200 [90m469ms - 170b[0m
[90mGET /stylesheets/style.css [36m304 [90m3ms[0m
[90mGET /favicon.ico [33m404 [90m1ms[0m
[90mGET /stylesheets/style.css [36m304 [90m1ms[0m
[90mGET / [36m304 [90m90ms[0m
[90mGET /stylesheets/style.css [36m304 [90m0ms[0m
[90mGET / [32m200 [90m47ms - 170b[0m
[90mGET /stylesheets/style.css [32m200 [90m3ms - 110b[0m

> bae-nodejs@1.0.0 start /root/react
> node server.js

Express server listening on port 80
[90mGET / [36m304 [90m523ms[0m
[90mGET /stylesheets/style.css [36m304 [90m8ms[0m
[90mGET /favicon.ico [33m404 [90m2ms[0m
[90mGET / [32m200 [90m93ms - 170b[0m
[90mGET /stylesheets/style.css [32m200 [90m7ms - 110b[0m
[90mGET /favicon.ico [33m404 [90m1ms[0m
[90mGET / [36m304 [90m57ms[0m
[90mGET /stylesheets/style.css [36m304 [90m1ms[0m
[90mGET / [36m304 [90m67ms[0m
[90mGET /stylesheets/style.css [36m304 [90m0ms[0m
[90mGET / [36m304 [90m29ms[0m
[90mGET /stylesheets/style.css [36m304 [90m1ms[0m

> bae-nodejs@1.0.0 start /root/react
> node server.js

Express server listening on port 80
[90mGET / [36m304 [90m391ms[0m
[90mGET /stylesheets/style.css [36m304 [90m4ms[0m
[90mGET /robots.txt [33m404 [90m11ms[0m
[90mGET / [32m200 [90m44ms - 170b[0m
[90mGET / [32m200 [90m35ms - 170b[0m
[90mGET / [32m200 [90m54ms - 170b[0m
[90mGET /robots.txt [33m404 [90m3ms[0m
[90mGET / [32m200 [90m37ms - 170b[0m
[90mGET / [32m200 [90m47ms - 170b[0m
[90mGET / [32m200 [90m43ms - 170b[0m
[90mGET / [32m200 [90m30ms - 170b[0m
[90mGET /robots.txt [33m404 [90m1ms[0m
[90mGET /sitemap.xml [33m404 [90m1ms[0m
[90mGET / [32m200 [90m18ms - 170b[0m
[90mHEAD /robots.txt [33m404 [90m1ms[0m
[90mGET / [32m200 [90m7ms - 170b[0m
[90mGET / [32m200 [90m34ms - 170b[0m
[90mGET / [32m200 [90m12ms - 170b[0m
[90mGET / [32m200 [90m8ms - 170b[0m
[90mGET /stylesheets/style.css [32m200 [90m14ms - 110b[0m
[90mGET / [32m200 [90m20ms - 170b[0m
[90mGET / [32m200 [90m20ms - 170b[0m
[90mGET / [32m200 [90m13ms - 170b[0m
[90mGET / [32m200 [90m21ms - 170b[0m
[90mGET /stylesheets/style.css [32m200 [90m17ms - 110b[0m
[90mGET / [32m200 [90m17ms - 170b[0m
[90mGET / [32m200 [90m31ms - 170b[0m
[90mGET / [32m200 [90m16ms - 170b[0m
[90mGET / [32m200 [90m6ms - 170b[0m
[90mGET / [32m200 [90m37ms - 170b[0m
[90mGET / [32m200 [90m11ms - 170b[0m
[90mGET / [32m200 [90m60ms - 170b[0m
[90mGET / [36m304 [90m11ms[0m
[90mGET /stylesheets/style.css [36m304 [90m9ms[0m
[90mGET / [32m200 [90m19ms - 170b[0m
[90mGET / [32m200 [90m12ms - 170b[0m
[90mGET /stylesheets/style.css [32m200 [90m3ms - 110b[0m
[90mGET / [32m200 [90m4ms - 170b[0m
[90mGET /robots.txt [33m404 [90m2ms[0m
[90mGET / [32m200 [90m8ms - 170b[0m
[90mGET / [32m200 [90m3ms - 170b[0m
[90mGET / [32m200 [90m10ms - 170b[0m
[90mGET / [32m200 [90m8ms - 170b[0m
[90mGET / [32m200 [90m11ms - 170b[0m
[90mGET / [32m200 [90m4ms - 170b[0m
[90mGET / [32m200 [90m11ms - 170b[0m
[90mGET / [32m200 [90m4ms - 170b[0m
[90mHEAD / [32m200 [90m10ms - 170b[0m
[90mGET / [32m200 [90m3ms - 170b[0m
[90mGET / [32m200 [90m3ms - 170b[0m
[90mGET / [32m200 [90m5ms - 170b[0m
[90mGET / [32m200 [90m17ms - 170b[0m
[90mGET / [32m200 [90m31ms - 170b[0m
[90mGET / [32m200 [90m16ms - 170b[0m
[90mGET /robots.txt [33m404 [90m3ms[0m
[90mGET / [32m200 [90m13ms - 170b[0m
[90mGET /robots.txt [33m404 [90m0ms[0m
[90mGET / [32m200 [90m7ms - 170b[0m
[90mGET / [32m200 [90m5ms - 170b[0m
[90mGET / [32m200 [90m17ms - 170b[0m
[90mGET / [32m200 [90m16ms - 170b[0m
[90mGET http://www.baidu.com/ [32m200 [90m6ms - 170b[0m
[90mGET / [32m200 [90m3ms - 170b[0m
[90mGET / [32m200 [90m5ms - 170b[0m
[90mGET /stylesheets/style.css [32m200 [90m10ms - 110b[0m
[90mGET /stylesheets/style.css [32m200 [90m3ms - 110b[0m
[90mGET / [32m200 [90m13ms - 170b[0m
[90mGET / [32m200 [90m19ms - 170b[0m
[90mGET / [32m200 [90m11ms - 170b[0m
[90mGET / [32m200 [90m25ms - 170b[0m
[90mGET /robots.txt [33m404 [90m3ms[0m
[90mGET /sitemap.xml [33m404 [90m0ms[0m
[90mGET / [32m200 [90m10ms - 170b[0m
[90mGET / [32m200 [90m80ms - 170b[0m
[90mGET / [32m200 [90m7ms - 170b[0m
[90mGET / [32m200 [90m7ms - 170b[0m
[90mGET / [32m200 [90m4ms - 170b[0m
[90mGET / [32m200 [90m9ms - 170b[0m
[90mGET / [32m200 [90m4ms - 170b[0m
[90mGET / [32m200 [90m9ms - 170b[0m
[90mGET / [32m200 [90m17ms - 170b[0m
[90mGET / [32m200 [90m4ms - 170b[0m
[90mGET /robots.txt [33m404 [90m3ms[0m
[90mGET / [32m200 [90m32ms - 170b[0m
[90mGET / [32m200 [90m5ms - 170b[0m
[90mGET / [32m200 [90m7ms - 170b[0m
[90mGET / [32m200 [90m8ms - 170b[0m
[90mGET / [32m200 [90m20ms - 170b[0m
[90mGET / [32m200 [90m9ms - 170b[0m
[90mGET / [32m200 [90m5ms - 170b[0m
[90mGET / [32m200 [90m4ms - 170b[0m
[90mGET / [32m200 [90m4ms - 170b[0m
[90mGET / [32m200 [90m19ms - 170b[0m
[90mGET / [32m200 [90m2ms - 170b[0m
[90mGET / [32m200 [90m3ms - 170b[0m
[90mGET /exactarget/ [33m404 [90m6ms[0m
[90mGET / [32m200 [90m2ms - 170b[0m
[90mGET / [32m200 [90m18ms - 170b[0m
[90mGET / [32m200 [90m66ms - 170b[0m
[90mGET / [32m200 [90m12ms - 170b[0m
[90mGET / [32m200 [90m3ms - 170b[0m
[90mGET / [32m200 [90m12ms - 170b[0m
[90mGET / [32m200 [90m12ms - 170b[0m
[90mGET / [32m200 [90m5ms - 170b[0m
[90mGET / [32m200 [90m4ms - 170b[0m
[90mGET /robots.txt [33m404 [90m4ms[0m
[90mGET /sitemap.xml [33m404 [90m0ms[0m
[90mGET / [32m200 [90m4ms - 170b[0m
[90mGET / [32m200 [90m15ms - 170b[0m
[90mGET /OWA-AUTODISCOVER-EWS [33m404 [90m5ms[0m
[90mGET / [32m200 [90m20ms - 170b[0m
[90mGET / [32m200 [90m5ms - 170b[0m
[90mGET / [32m200 [90m3ms - 170b[0m
[90mGET /phpmyadmin/scripts/setup.php [33m404 [90m2ms[0m
[90mGET / [32m200 [90m15ms - 170b[0m
[90mGET / [32m200 [90m11ms - 170b[0m
[90mGET /robots.txt [33m404 [90m0ms[0m
[90mGET /sitemap.xml [33m404 [90m0ms[0m
[90mGET /robots.txt [33m404 [90m0ms[0m
[90mGET / [32m200 [90m7ms - 170b[0m
[90mGET / [32m200 [90m9ms - 170b[0m
[90mGET /xmlrpc.php [33m404 [90m0ms[0m
[90mGET / [32m200 [90m4ms - 170b[0m
[90mGET / [32m200 [90m3ms - 170b[0m
[90mGET / [32m200 [90m16ms - 170b[0m
[90mGET / [32m200 [90m8ms - 170b[0m
[90mGET / [32m200 [90m4ms - 170b[0m
[90mGET / [32m200 [90m4ms - 170b[0m
[90mGET / [32m200 [90m9ms - 170b[0m
[90mHEAD /robots.txt [33m404 [90m12ms[0m
[90mGET / [32m200 [90m12ms - 170b[0m
[90mGET / [32m200 [90m29ms - 170b[0m
[90mGET / [32m200 [90m7ms - 170b[0m
[90mGET / [32m200 [90m2ms - 170b[0m
[90mGET / [32m200 [90m5ms - 170b[0m
[90mGET /stylesheets/style.css [32m200 [90m6ms - 110b[0m
[90mGET /favicon.ico [33m404 [90m1ms[0m
